cabal: Entering directory '/var/folders/77/86xr40v14s3061gt8h8y_m6r0000gn/T/cabal-tmp-67354/cairo-0.13.4.2'
[1 of 1] Compiling Main             ( /var/folders/77/86xr40v14s3061gt8h8y_m6r0000gn/T/cabal-tmp-67354/cairo-0.13.4.2/dist/dist-sandbox-65148ee2/setup/setup.hs, /var/folders/77/86xr40v14s3061gt8h8y_m6r0000gn/T/cabal-tmp-67354/cairo-0.13.4.2/dist/dist-sandbox-65148ee2/setup/Main.o )
Linking /var/folders/77/86xr40v14s3061gt8h8y_m6r0000gn/T/cabal-tmp-67354/cairo-0.13.4.2/dist/dist-sandbox-65148ee2/setup/setup ...
Configuring cairo-0.13.4.2...
Building cairo-0.13.4.2...
Preprocessing library cairo-0.13.4.2...
[ 1 of 18] Compiling Graphics.Rendering.Cairo.Matrix ( dist/dist-sandbox-65148ee2/build/Graphics/Rendering/Cairo/Matrix.hs, dist/dist-sandbox-65148ee2/build/Graphics/Rendering/Cairo/Matrix.o )
[ 2 of 18] Compiling Graphics.Rendering.Cairo.Types ( dist/dist-sandbox-65148ee2/build/Graphics/Rendering/Cairo/Types.hs, dist/dist-sandbox-65148ee2/build/Graphics/Rendering/Cairo/Types.o )
[ 3 of 18] Compiling Graphics.Rendering.Cairo.Internal.Utilities ( dist/dist-sandbox-65148ee2/build/Graphics/Rendering/Cairo/Internal/Utilities.hs, dist/dist-sandbox-65148ee2/build/Graphics/Rendering/Cairo/Internal/Utilities.o )
[ 4 of 18] Compiling Graphics.Rendering.Cairo.Internal.Surfaces.Surface ( dist/dist-sandbox-65148ee2/build/Graphics/Rendering/Cairo/Internal/Surfaces/Surface.hs, dist/dist-sandbox-65148ee2/build/Graphics/Rendering/Cairo/Internal/Surfaces/Surface.o )
[ 5 of 18] Compiling Graphics.Rendering.Cairo.Internal.Surfaces.SVG ( dist/dist-sandbox-65148ee2/build/Graphics/Rendering/Cairo/Internal/Surfaces/SVG.hs, dist/dist-sandbox-65148ee2/build/Graphics/Rendering/Cairo/Internal/Surfaces/SVG.o )
[ 6 of 18] Compiling Graphics.Rendering.Cairo.Internal.Surfaces.PS ( dist/dist-sandbox-65148ee2/build/Graphics/Rendering/Cairo/Internal/Surfaces/PS.hs, dist/dist-sandbox-65148ee2/build/Graphics/Rendering/Cairo/Internal/Surfaces/PS.o )
[ 7 of 18] Compiling Graphics.Rendering.Cairo.Internal.Surfaces.PNG ( dist/dist-sandbox-65148ee2/build/Graphics/Rendering/Cairo/Internal/Surfaces/PNG.hs, dist/dist-sandbox-65148ee2/build/Graphics/Rendering/Cairo/Internal/Surfaces/PNG.o )
[ 8 of 18] Compiling Graphics.Rendering.Cairo.Internal.Surfaces.PDF ( dist/dist-sandbox-65148ee2/build/Graphics/Rendering/Cairo/Internal/Surfaces/PDF.hs, dist/dist-sandbox-65148ee2/build/Graphics/Rendering/Cairo/Internal/Surfaces/PDF.o )
[ 9 of 18] Compiling Graphics.Rendering.Cairo.Internal.Surfaces.Image ( dist/dist-sandbox-65148ee2/build/Graphics/Rendering/Cairo/Internal/Surfaces/Image.hs, dist/dist-sandbox-65148ee2/build/Graphics/Rendering/Cairo/Internal/Surfaces/Image.o )
[10 of 18] Compiling Graphics.Rendering.Cairo.Internal.Region ( dist/dist-sandbox-65148ee2/build/Graphics/Rendering/Cairo/Internal/Region.hs, dist/dist-sandbox-65148ee2/build/Graphics/Rendering/Cairo/Internal/Region.o )
[11 of 18] Compiling Graphics.Rendering.Cairo.Internal.Fonts.FontOptions ( dist/dist-sandbox-65148ee2/build/Graphics/Rendering/Cairo/Internal/Fonts/FontOptions.hs, dist/dist-sandbox-65148ee2/build/Graphics/Rendering/Cairo/Internal/Fonts/FontOptions.o )
[12 of 18] Compiling Graphics.Rendering.Cairo.Internal.Drawing.Transformations ( dist/dist-sandbox-65148ee2/build/Graphics/Rendering/Cairo/Internal/Drawing/Transformations.hs, dist/dist-sandbox-65148ee2/build/Graphics/Rendering/Cairo/Internal/Drawing/Transformations.o )
[13 of 18] Compiling Graphics.Rendering.Cairo.Internal.Drawing.Text ( dist/dist-sandbox-65148ee2/build/Graphics/Rendering/Cairo/Internal/Drawing/Text.hs, dist/dist-sandbox-65148ee2/build/Graphics/Rendering/Cairo/Internal/Drawing/Text.o )
[14 of 18] Compiling Graphics.Rendering.Cairo.Internal.Drawing.Patterns ( dist/dist-sandbox-65148ee2/build/Graphics/Rendering/Cairo/Internal/Drawing/Patterns.hs, dist/dist-sandbox-65148ee2/build/Graphics/Rendering/Cairo/Internal/Drawing/Patterns.o )
[15 of 18] Compiling Graphics.Rendering.Cairo.Internal.Drawing.Paths ( dist/dist-sandbox-65148ee2/build/Graphics/Rendering/Cairo/Internal/Drawing/Paths.hs, dist/dist-sandbox-65148ee2/build/Graphics/Rendering/Cairo/Internal/Drawing/Paths.o )
[16 of 18] Compiling Graphics.Rendering.Cairo.Internal.Drawing.Cairo ( dist/dist-sandbox-65148ee2/build/Graphics/Rendering/Cairo/Internal/Drawing/Cairo.hs, dist/dist-sandbox-65148ee2/build/Graphics/Rendering/Cairo/Internal/Drawing/Cairo.o )
[17 of 18] Compiling Graphics.Rendering.Cairo.Internal ( Graphics/Rendering/Cairo/Internal.hs, dist/dist-sandbox-65148ee2/build/Graphics/Rendering/Cairo/Internal.o )
[18 of 18] Compiling Graphics.Rendering.Cairo ( Graphics/Rendering/Cairo.hs, dist/dist-sandbox-65148ee2/build/Graphics/Rendering/Cairo.o )
[ 1 of 18] Compiling Graphics.Rendering.Cairo.Matrix ( dist/dist-sandbox-65148ee2/build/Graphics/Rendering/Cairo/Matrix.hs, dist/dist-sandbox-65148ee2/build/Graphics/Rendering/Cairo/Matrix.p_o )
[ 2 of 18] Compiling Graphics.Rendering.Cairo.Types ( dist/dist-sandbox-65148ee2/build/Graphics/Rendering/Cairo/Types.hs, dist/dist-sandbox-65148ee2/build/Graphics/Rendering/Cairo/Types.p_o )
[ 3 of 18] Compiling Graphics.Rendering.Cairo.Internal.Utilities ( dist/dist-sandbox-65148ee2/build/Graphics/Rendering/Cairo/Internal/Utilities.hs, dist/dist-sandbox-65148ee2/build/Graphics/Rendering/Cairo/Internal/Utilities.p_o )
[ 4 of 18] Compiling Graphics.Rendering.Cairo.Internal.Surfaces.Surface ( dist/dist-sandbox-65148ee2/build/Graphics/Rendering/Cairo/Internal/Surfaces/Surface.hs, dist/dist-sandbox-65148ee2/build/Graphics/Rendering/Cairo/Internal/Surfaces/Surface.p_o )
[ 5 of 18] Compiling Graphics.Rendering.Cairo.Internal.Surfaces.SVG ( dist/dist-sandbox-65148ee2/build/Graphics/Rendering/Cairo/Internal/Surfaces/SVG.hs, dist/dist-sandbox-65148ee2/build/Graphics/Rendering/Cairo/Internal/Surfaces/SVG.p_o )
[ 6 of 18] Compiling Graphics.Rendering.Cairo.Internal.Surfaces.PS ( dist/dist-sandbox-65148ee2/build/Graphics/Rendering/Cairo/Internal/Surfaces/PS.hs, dist/dist-sandbox-65148ee2/build/Graphics/Rendering/Cairo/Internal/Surfaces/PS.p_o )
[ 7 of 18] Compiling Graphics.Rendering.Cairo.Internal.Surfaces.PNG ( dist/dist-sandbox-65148ee2/build/Graphics/Rendering/Cairo/Internal/Surfaces/PNG.hs, dist/dist-sandbox-65148ee2/build/Graphics/Rendering/Cairo/Internal/Surfaces/PNG.p_o )
[ 8 of 18] Compiling Graphics.Rendering.Cairo.Internal.Surfaces.PDF ( dist/dist-sandbox-65148ee2/build/Graphics/Rendering/Cairo/Internal/Surfaces/PDF.hs, dist/dist-sandbox-65148ee2/build/Graphics/Rendering/Cairo/Internal/Surfaces/PDF.p_o )
[ 9 of 18] Compiling Graphics.Rendering.Cairo.Internal.Surfaces.Image ( dist/dist-sandbox-65148ee2/build/Graphics/Rendering/Cairo/Internal/Surfaces/Image.hs, dist/dist-sandbox-65148ee2/build/Graphics/Rendering/Cairo/Internal/Surfaces/Image.p_o )
[10 of 18] Compiling Graphics.Rendering.Cairo.Internal.Region ( dist/dist-sandbox-65148ee2/build/Graphics/Rendering/Cairo/Internal/Region.hs, dist/dist-sandbox-65148ee2/build/Graphics/Rendering/Cairo/Internal/Region.p_o )
[11 of 18] Compiling Graphics.Rendering.Cairo.Internal.Fonts.FontOptions ( dist/dist-sandbox-65148ee2/build/Graphics/Rendering/Cairo/Internal/Fonts/FontOptions.hs, dist/dist-sandbox-65148ee2/build/Graphics/Rendering/Cairo/Internal/Fonts/FontOptions.p_o )
[12 of 18] Compiling Graphics.Rendering.Cairo.Internal.Drawing.Transformations ( dist/dist-sandbox-65148ee2/build/Graphics/Rendering/Cairo/Internal/Drawing/Transformations.hs, dist/dist-sandbox-65148ee2/build/Graphics/Rendering/Cairo/Internal/Drawing/Transformations.p_o )
[13 of 18] Compiling Graphics.Rendering.Cairo.Internal.Drawing.Text ( dist/dist-sandbox-65148ee2/build/Graphics/Rendering/Cairo/Internal/Drawing/Text.hs, dist/dist-sandbox-65148ee2/build/Graphics/Rendering/Cairo/Internal/Drawing/Text.p_o )
[14 of 18] Compiling Graphics.Rendering.Cairo.Internal.Drawing.Patterns ( dist/dist-sandbox-65148ee2/build/Graphics/Rendering/Cairo/Internal/Drawing/Patterns.hs, dist/dist-sandbox-65148ee2/build/Graphics/Rendering/Cairo/Internal/Drawing/Patterns.p_o )
[15 of 18] Compiling Graphics.Rendering.Cairo.Internal.Drawing.Paths ( dist/dist-sandbox-65148ee2/build/Graphics/Rendering/Cairo/Internal/Drawing/Paths.hs, dist/dist-sandbox-65148ee2/build/Graphics/Rendering/Cairo/Internal/Drawing/Paths.p_o )
[16 of 18] Compiling Graphics.Rendering.Cairo.Internal.Drawing.Cairo ( dist/dist-sandbox-65148ee2/build/Graphics/Rendering/Cairo/Internal/Drawing/Cairo.hs, dist/dist-sandbox-65148ee2/build/Graphics/Rendering/Cairo/Internal/Drawing/Cairo.p_o )
[17 of 18] Compiling Graphics.Rendering.Cairo.Internal ( Graphics/Rendering/Cairo/Internal.hs, dist/dist-sandbox-65148ee2/build/Graphics/Rendering/Cairo/Internal.p_o )
[18 of 18] Compiling Graphics.Rendering.Cairo ( Graphics/Rendering/Cairo.hs, dist/dist-sandbox-65148ee2/build/Graphics/Rendering/Cairo.p_o )
Running Haddock for cairo-0.13.4.2...
Preprocessing library cairo-0.13.4.2...
Haddock coverage:
  17% (  2 / 12) in 'Graphics.Rendering.Cairo.Matrix'
  Missing documentation for:
    MatrixPtr (./Graphics/Rendering/Cairo/Matrix.chs:50)
    identity (./Graphics/Rendering/Cairo/Matrix.chs:102)
    translate (./Graphics/Rendering/Cairo/Matrix.chs:105)
    scale (./Graphics/Rendering/Cairo/Matrix.chs:108)
    rotate (./Graphics/Rendering/Cairo/Matrix.chs:111)
    transformDistance (./Graphics/Rendering/Cairo/Matrix.chs:116)
    transformPoint (./Graphics/Rendering/Cairo/Matrix.chs:122)
    scalarMultiply (./Graphics/Rendering/Cairo/Matrix.chs:128)
    adjoint (./Graphics/Rendering/Cairo/Matrix.chs:131)
    invert (./Graphics/Rendering/Cairo/Matrix.chs:135)
  44% ( 24 / 55) in 'Graphics.Rendering.Cairo.Types'
  Missing documentation for:
    PixelData (./Graphics/Rendering/Cairo/Types.chs:72)
    MatrixPtr (./Graphics/Rendering/Cairo/Matrix.chs:50)
    Cairo (./Graphics/Rendering/Cairo/Types.chs:75)
    unCairo (./Graphics/Rendering/Cairo/Types.chs:76)
    withSurface (./Graphics/Rendering/Cairo/Types.chs:80)
    mkSurface (./Graphics/Rendering/Cairo/Types.chs:82)
    manageSurface (./Graphics/Rendering/Cairo/Types.chs:87)
    unPattern (./Graphics/Rendering/Cairo/Types.chs:100)
    ScaledFont (./Graphics/Rendering/Cairo/Types.chs:168)
    unScaledFont (./Graphics/Rendering/Cairo/Types.chs:169)
    FontFace (./Graphics/Rendering/Cairo/Types.chs:171)
    unFontFace (./Graphics/Rendering/Cairo/Types.chs:172)
    Glyph (./Graphics/Rendering/Cairo/Types.chs:174)
    unGlyph (./Graphics/Rendering/Cairo/Types.chs:175)
    TextExtentsPtr (./Graphics/Rendering/Cairo/Types.chs:177)
    FontExtentsPtr (./Graphics/Rendering/Cairo/Types.chs:211)
    withFontOptions (./Graphics/Rendering/Cairo/Types.chs:311)
    mkFontOptions (./Graphics/Rendering/Cairo/Types.chs:313)
    unPath (./Graphics/Rendering/Cairo/Types.chs:341)
    withRegion (./Graphics/Rendering/Cairo/Types.chs:379)
    mkRegion (./Graphics/Rendering/Cairo/Types.chs:381)
    Content (./Graphics/Rendering/Cairo/Types.chs:390)
    Format (./Graphics/Rendering/Cairo/Types.chs:393)
    cIntConv (./Graphics/Rendering/Cairo/Types.chs:408)
    cFloatConv (./Graphics/Rendering/Cairo/Types.chs:412)
    cFromBool (./Graphics/Rendering/Cairo/Types.chs:416)
    cToBool (./Graphics/Rendering/Cairo/Types.chs:420)
    cToEnum (./Graphics/Rendering/Cairo/Types.chs:424)
    cFromEnum (./Graphics/Rendering/Cairo/Types.chs:428)
    peekFloatConv (./Graphics/Rendering/Cairo/Types.chs:432)
    withFloatConv (./Graphics/Rendering/Cairo/Types.chs:436)
  10% (  1 / 10) in 'Graphics.Rendering.Cairo.Internal.Utilities'
  Missing documentation for:
    statusToString (./Graphics/Rendering/Cairo/Internal/Utilities.chs:33)
    version (./Graphics/Rendering/Cairo/Internal/Utilities.chs:34)
    versionString (./Graphics/Rendering/Cairo/Internal/Utilities.chs:35)
    CairoString (./Graphics/Rendering/Cairo/Internal/Utilities.chs:37)
     (./Graphics/Rendering/Cairo/Internal/Utilities.chs:40)
     (./Graphics/Rendering/Cairo/Internal/Utilities.chs:43)
    statusToString'_ (./Graphics/Rendering/Cairo/Internal/Utilities.chs:46)
    version'_ (./Graphics/Rendering/Cairo/Internal/Utilities.chs:49)
    versionString'_ (./Graphics/Rendering/Cairo/Internal/Utilities.chs:52)
   4% (  1 / 23) in 'Graphics.Rendering.Cairo.Internal.Surfaces.Surface'
  Missing documentation for:
    surfaceCreateSimilar (./Graphics/Rendering/Cairo/Internal/Surfaces/Surface.chs:22)
    surfaceDestroy (./Graphics/Rendering/Cairo/Internal/Surfaces/Surface.chs:23)
    surfaceFinish (./Graphics/Rendering/Cairo/Internal/Surfaces/Surface.chs:24)
    surfaceFlush (./Graphics/Rendering/Cairo/Internal/Surfaces/Surface.chs:25)
    surfaceGetFontOptions (./Graphics/Rendering/Cairo/Internal/Surfaces/Surface.chs:26)
    surfaceGetContent (./Graphics/Rendering/Cairo/Internal/Surfaces/Surface.chs:27)
    surfaceMarkDirty (./Graphics/Rendering/Cairo/Internal/Surfaces/Surface.chs:28)
    surfaceMarkDirtyRectangle (./Graphics/Rendering/Cairo/Internal/Surfaces/Surface.chs:29)
    surfaceReference (./Graphics/Rendering/Cairo/Internal/Surfaces/Surface.chs:30)
    surfaceSetDeviceOffset (./Graphics/Rendering/Cairo/Internal/Surfaces/Surface.chs:31)
    surfaceStatus (./Graphics/Rendering/Cairo/Internal/Surfaces/Surface.chs:32)
    surfaceCreateSimilar'_ (./Graphics/Rendering/Cairo/Internal/Surfaces/Surface.chs:34)
    surfaceDestroy'_ (./Graphics/Rendering/Cairo/Internal/Surfaces/Surface.chs:37)
    surfaceFinish'_ (./Graphics/Rendering/Cairo/Internal/Surfaces/Surface.chs:40)
    surfaceFlush'_ (./Graphics/Rendering/Cairo/Internal/Surfaces/Surface.chs:43)
    surfaceGetFontOptions'_ (./Graphics/Rendering/Cairo/Internal/Surfaces/Surface.chs:46)
    surfaceGetContent'_ (./Graphics/Rendering/Cairo/Internal/Surfaces/Surface.chs:49)
    surfaceMarkDirty'_ (./Graphics/Rendering/Cairo/Internal/Surfaces/Surface.chs:52)
    surfaceMarkDirtyRectangle'_ (./Graphics/Rendering/Cairo/Internal/Surfaces/Surface.chs:55)
    surfaceReference'_ (./Graphics/Rendering/Cairo/Internal/Surfaces/Surface.chs:58)
    surfaceSetDeviceOffset'_ (./Graphics/Rendering/Cairo/Internal/Surfaces/Surface.chs:61)
    surfaceStatus'_ (./Graphics/Rendering/Cairo/Internal/Surfaces/Surface.chs:64)
  33% (  1 /  3) in 'Graphics.Rendering.Cairo.Internal.Surfaces.SVG'
  Missing documentation for:
    svgSurfaceCreate (./Graphics/Rendering/Cairo/Internal/Surfaces/SVG.chs:26)
    svgSurfaceCreate'_ (./Graphics/Rendering/Cairo/Internal/Surfaces/SVG.chs:28)
  20% (  1 /  5) in 'Graphics.Rendering.Cairo.Internal.Surfaces.PS'
  Missing documentation for:
    psSurfaceCreate (./Graphics/Rendering/Cairo/Internal/Surfaces/PS.chs:26)
    psSurfaceSetSize (./Graphics/Rendering/Cairo/Internal/Surfaces/PS.chs:29)
    psSurfaceCreate'_ (./Graphics/Rendering/Cairo/Internal/Surfaces/PS.chs:31)
    psSurfaceSetSize'_ (./Graphics/Rendering/Cairo/Internal/Surfaces/PS.chs:34)
  20% (  1 /  5) in 'Graphics.Rendering.Cairo.Internal.Surfaces.PNG'
  Missing documentation for:
    imageSurfaceCreateFromPNG (./Graphics/Rendering/Cairo/Internal/Surfaces/PNG.chs:26)
    surfaceWriteToPNG (./Graphics/Rendering/Cairo/Internal/Surfaces/PNG.chs:32)
    cairo_image_surface_create_from_png (./Graphics/Rendering/Cairo/Internal/Surfaces/PNG.chs:34)
    surfaceWriteToPNG'_ (./Graphics/Rendering/Cairo/Internal/Surfaces/PNG.chs:37)
  20% (  1 /  5) in 'Graphics.Rendering.Cairo.Internal.Surfaces.PDF'
  Missing documentation for:
    pdfSurfaceCreate (./Graphics/Rendering/Cairo/Internal/Surfaces/PDF.chs:26)
    pdfSurfaceSetSize (./Graphics/Rendering/Cairo/Internal/Surfaces/PDF.chs:29)
    pdfSurfaceCreate'_ (./Graphics/Rendering/Cairo/Internal/Surfaces/PDF.chs:31)
    pdfSurfaceSetSize'_ (./Graphics/Rendering/Cairo/Internal/Surfaces/PDF.chs:34)
   6% (  1 / 17) in 'Graphics.Rendering.Cairo.Internal.Surfaces.Image'
  Missing documentation for:
    imageSurfaceCreateForData (./Graphics/Rendering/Cairo/Internal/Surfaces/Image.chs:24)
    imageSurfaceCreate (./Graphics/Rendering/Cairo/Internal/Surfaces/Image.chs:32)
    imageSurfaceGetWidth (./Graphics/Rendering/Cairo/Internal/Surfaces/Image.chs:33)
    imageSurfaceGetHeight (./Graphics/Rendering/Cairo/Internal/Surfaces/Image.chs:34)
    imageSurfaceGetStride (./Graphics/Rendering/Cairo/Internal/Surfaces/Image.chs:36)
    imageSurfaceGetFormat (./Graphics/Rendering/Cairo/Internal/Surfaces/Image.chs:37)
    imageSurfaceGetData (./Graphics/Rendering/Cairo/Internal/Surfaces/Image.chs:38)
    formatStrideForWidth (./Graphics/Rendering/Cairo/Internal/Surfaces/Image.chs:40)
    imageSurfaceCreateForData'_ (./Graphics/Rendering/Cairo/Internal/Surfaces/Image.chs:42)
    imageSurfaceCreate'_ (./Graphics/Rendering/Cairo/Internal/Surfaces/Image.chs:45)
    imageSurfaceGetWidth'_ (./Graphics/Rendering/Cairo/Internal/Surfaces/Image.chs:48)
    imageSurfaceGetHeight'_ (./Graphics/Rendering/Cairo/Internal/Surfaces/Image.chs:51)
    imageSurfaceGetStride'_ (./Graphics/Rendering/Cairo/Internal/Surfaces/Image.chs:54)
    imageSurfaceGetFormat'_ (./Graphics/Rendering/Cairo/Internal/Surfaces/Image.chs:57)
    imageSurfaceGetData'_ (./Graphics/Rendering/Cairo/Internal/Surfaces/Image.chs:60)
    formatStrideForWidth'_ (./Graphics/Rendering/Cairo/Internal/Surfaces/Image.chs:63)
   2% (  1 / 47) in 'Graphics.Rendering.Cairo.Internal.Region'
  Missing documentation for:
    regionCreateRectangles (./Graphics/Rendering/Cairo/Internal/Region.chs:24)
    regionCreate (./Graphics/Rendering/Cairo/Internal/Region.chs:28)
    regionCreateRectangle (./Graphics/Rendering/Cairo/Internal/Region.chs:29)
    regionCopy (./Graphics/Rendering/Cairo/Internal/Region.chs:30)
    regionDestroy (./Graphics/Rendering/Cairo/Internal/Region.chs:31)
    regionReference (./Graphics/Rendering/Cairo/Internal/Region.chs:32)
    regionStatus (./Graphics/Rendering/Cairo/Internal/Region.chs:33)
    regionGetExtents (./Graphics/Rendering/Cairo/Internal/Region.chs:34)
    regionNumRectangles (./Graphics/Rendering/Cairo/Internal/Region.chs:35)
    regionGetRectangle (./Graphics/Rendering/Cairo/Internal/Region.chs:36)
    regionIsEmpty (./Graphics/Rendering/Cairo/Internal/Region.chs:37)
    regionContainsPoint (./Graphics/Rendering/Cairo/Internal/Region.chs:38)
    regionContainsRectangle (./Graphics/Rendering/Cairo/Internal/Region.chs:39)
    regionEqual (./Graphics/Rendering/Cairo/Internal/Region.chs:40)
    regionTranslate (./Graphics/Rendering/Cairo/Internal/Region.chs:41)
    regionIntersect (./Graphics/Rendering/Cairo/Internal/Region.chs:42)
    regionIntersectRectangle (./Graphics/Rendering/Cairo/Internal/Region.chs:43)
    regionSubtract (./Graphics/Rendering/Cairo/Internal/Region.chs:44)
    regionSubtractRectangle (./Graphics/Rendering/Cairo/Internal/Region.chs:45)
    regionUnion (./Graphics/Rendering/Cairo/Internal/Region.chs:46)
    regionUnionRectangle (./Graphics/Rendering/Cairo/Internal/Region.chs:47)
    regionXor (./Graphics/Rendering/Cairo/Internal/Region.chs:48)
    regionXorRectangle (./Graphics/Rendering/Cairo/Internal/Region.chs:49)
    cairo_region_create_rectangles (./Graphics/Rendering/Cairo/Internal/Region.chs:52)
    regionCreate'_ (./Graphics/Rendering/Cairo/Internal/Region.chs:55)
    regionCreateRectangle'_ (./Graphics/Rendering/Cairo/Internal/Region.chs:58)
    regionCopy'_ (./Graphics/Rendering/Cairo/Internal/Region.chs:61)
    regionDestroy'_ (./Graphics/Rendering/Cairo/Internal/Region.chs:64)
    regionReference'_ (./Graphics/Rendering/Cairo/Internal/Region.chs:67)
    regionStatus'_ (./Graphics/Rendering/Cairo/Internal/Region.chs:70)
    regionGetExtents'_ (./Graphics/Rendering/Cairo/Internal/Region.chs:73)
    regionNumRectangles'_ (./Graphics/Rendering/Cairo/Internal/Region.chs:76)
    regionGetRectangle'_ (./Graphics/Rendering/Cairo/Internal/Region.chs:79)
    regionIsEmpty'_ (./Graphics/Rendering/Cairo/Internal/Region.chs:82)
    regionContainsPoint'_ (./Graphics/Rendering/Cairo/Internal/Region.chs:85)
    regionContainsRectangle'_ (./Graphics/Rendering/Cairo/Internal/Region.chs:88)
    regionEqual'_ (./Graphics/Rendering/Cairo/Internal/Region.chs:91)
    regionTranslate'_ (./Graphics/Rendering/Cairo/Internal/Region.chs:94)
    regionIntersect'_ (./Graphics/Rendering/Cairo/Internal/Region.chs:97)
    regionIntersectRectangle'_ (./Graphics/Rendering/Cairo/Internal/Region.chs:100)
    regionSubtract'_ (./Graphics/Rendering/Cairo/Internal/Region.chs:103)
    regionSubtractRectangle'_ (./Graphics/Rendering/Cairo/Internal/Region.chs:106)
    regionUnion'_ (./Graphics/Rendering/Cairo/Internal/Region.chs:109)
    regionUnionRectangle'_ (./Graphics/Rendering/Cairo/Internal/Region.chs:112)
    regionXor'_ (./Graphics/Rendering/Cairo/Internal/Region.chs:115)
    regionXorRectangle'_ (./Graphics/Rendering/Cairo/Internal/Region.chs:118)
   3% (  1 / 31) in 'Graphics.Rendering.Cairo.Internal.Fonts.FontOptions'
  Missing documentation for:
    fontOptionsCreate (./Graphics/Rendering/Cairo/Internal/Fonts/FontOptions.chs:22)
    fontOptionsCopy (./Graphics/Rendering/Cairo/Internal/Fonts/FontOptions.chs:23)
    fontOptionsDestroy (./Graphics/Rendering/Cairo/Internal/Fonts/FontOptions.chs:24)
    fontOptionsStatus (./Graphics/Rendering/Cairo/Internal/Fonts/FontOptions.chs:25)
    fontOptionsMerge (./Graphics/Rendering/Cairo/Internal/Fonts/FontOptions.chs:26)
    fontOptionsHash (./Graphics/Rendering/Cairo/Internal/Fonts/FontOptions.chs:27)
    fontOptionsEqual (./Graphics/Rendering/Cairo/Internal/Fonts/FontOptions.chs:28)
    fontOptionsSetAntialias (./Graphics/Rendering/Cairo/Internal/Fonts/FontOptions.chs:29)
    fontOptionsGetAntialias (./Graphics/Rendering/Cairo/Internal/Fonts/FontOptions.chs:30)
    fontOptionsSetSubpixelOrder (./Graphics/Rendering/Cairo/Internal/Fonts/FontOptions.chs:31)
    fontOptionsGetSubpixelOrder (./Graphics/Rendering/Cairo/Internal/Fonts/FontOptions.chs:32)
    fontOptionsSetHintStyle (./Graphics/Rendering/Cairo/Internal/Fonts/FontOptions.chs:33)
    fontOptionsGetHintStyle (./Graphics/Rendering/Cairo/Internal/Fonts/FontOptions.chs:34)
    fontOptionsSetHintMetrics (./Graphics/Rendering/Cairo/Internal/Fonts/FontOptions.chs:35)
    fontOptionsGetHintMetrics (./Graphics/Rendering/Cairo/Internal/Fonts/FontOptions.chs:36)
    fontOptionsCreate'_ (./Graphics/Rendering/Cairo/Internal/Fonts/FontOptions.chs:38)
    fontOptionsCopy'_ (./Graphics/Rendering/Cairo/Internal/Fonts/FontOptions.chs:41)
    fontOptionsDestroy'_ (./Graphics/Rendering/Cairo/Internal/Fonts/FontOptions.chs:44)
    fontOptionsStatus'_ (./Graphics/Rendering/Cairo/Internal/Fonts/FontOptions.chs:47)
    fontOptionsMerge'_ (./Graphics/Rendering/Cairo/Internal/Fonts/FontOptions.chs:50)
    fontOptionsHash'_ (./Graphics/Rendering/Cairo/Internal/Fonts/FontOptions.chs:53)
    fontOptionsEqual'_ (./Graphics/Rendering/Cairo/Internal/Fonts/FontOptions.chs:56)
    fontOptionsSetAntialias'_ (./Graphics/Rendering/Cairo/Internal/Fonts/FontOptions.chs:59)
    fontOptionsGetAntialias'_ (./Graphics/Rendering/Cairo/Internal/Fonts/FontOptions.chs:62)
    fontOptionsSetSubpixelOrder'_ (./Graphics/Rendering/Cairo/Internal/Fonts/FontOptions.chs:65)
    fontOptionsGetSubpixelOrder'_ (./Graphics/Rendering/Cairo/Internal/Fonts/FontOptions.chs:68)
    fontOptionsSetHintStyle'_ (./Graphics/Rendering/Cairo/Internal/Fonts/FontOptions.chs:71)
    fontOptionsGetHintStyle'_ (./Graphics/Rendering/Cairo/Internal/Fonts/FontOptions.chs:74)
    fontOptionsSetHintMetrics'_ (./Graphics/Rendering/Cairo/Internal/Fonts/FontOptions.chs:77)
    fontOptionsGetHintMetrics'_ (./Graphics/Rendering/Cairo/Internal/Fonts/FontOptions.chs:80)
   4% (  1 / 23) in 'Graphics.Rendering.Cairo.Internal.Drawing.Transformations'
  Missing documentation for:
    translate (./Graphics/Rendering/Cairo/Internal/Drawing/Transformations.chs:22)
    scale (./Graphics/Rendering/Cairo/Internal/Drawing/Transformations.chs:23)
    rotate (./Graphics/Rendering/Cairo/Internal/Drawing/Transformations.chs:24)
    transform (./Graphics/Rendering/Cairo/Internal/Drawing/Transformations.chs:25)
    setMatrix (./Graphics/Rendering/Cairo/Internal/Drawing/Transformations.chs:26)
    getMatrix (./Graphics/Rendering/Cairo/Internal/Drawing/Transformations.chs:27)
    identityMatrix (./Graphics/Rendering/Cairo/Internal/Drawing/Transformations.chs:28)
    userToDevice (./Graphics/Rendering/Cairo/Internal/Drawing/Transformations.chs:29)
    userToDeviceDistance (./Graphics/Rendering/Cairo/Internal/Drawing/Transformations.chs:30)
    deviceToUser (./Graphics/Rendering/Cairo/Internal/Drawing/Transformations.chs:31)
    deviceToUserDistance (./Graphics/Rendering/Cairo/Internal/Drawing/Transformations.chs:32)
    translate'_ (./Graphics/Rendering/Cairo/Internal/Drawing/Transformations.chs:34)
    scale'_ (./Graphics/Rendering/Cairo/Internal/Drawing/Transformations.chs:37)
    rotate'_ (./Graphics/Rendering/Cairo/Internal/Drawing/Transformations.chs:40)
    transform'_ (./Graphics/Rendering/Cairo/Internal/Drawing/Transformations.chs:43)
    setMatrix'_ (./Graphics/Rendering/Cairo/Internal/Drawing/Transformations.chs:46)
    getMatrix'_ (./Graphics/Rendering/Cairo/Internal/Drawing/Transformations.chs:49)
    identityMatrix'_ (./Graphics/Rendering/Cairo/Internal/Drawing/Transformations.chs:52)
    userToDevice'_ (./Graphics/Rendering/Cairo/Internal/Drawing/Transformations.chs:55)
    userToDeviceDistance'_ (./Graphics/Rendering/Cairo/Internal/Drawing/Transformations.chs:58)
    deviceToUser'_ (./Graphics/Rendering/Cairo/Internal/Drawing/Transformations.chs:61)
    deviceToUserDistance'_ (./Graphics/Rendering/Cairo/Internal/Drawing/Transformations.chs:64)
   6% (  1 / 17) in 'Graphics.Rendering.Cairo.Internal.Drawing.Text'
  Missing documentation for:
    selectFontFace (./Graphics/Rendering/Cairo/Internal/Drawing/Text.chs:24)
    setFontSize (./Graphics/Rendering/Cairo/Internal/Drawing/Text.chs:30)
    setFontMatrix (./Graphics/Rendering/Cairo/Internal/Drawing/Text.chs:31)
    getFontMatrix (./Graphics/Rendering/Cairo/Internal/Drawing/Text.chs:32)
    setFontOptions (./Graphics/Rendering/Cairo/Internal/Drawing/Text.chs:33)
    showText (./Graphics/Rendering/Cairo/Internal/Drawing/Text.chs:35)
    fontExtents (./Graphics/Rendering/Cairo/Internal/Drawing/Text.chs:41)
    textExtents (./Graphics/Rendering/Cairo/Internal/Drawing/Text.chs:43)
    cairo_select_font_face (./Graphics/Rendering/Cairo/Internal/Drawing/Text.chs:52)
    setFontSize'_ (./Graphics/Rendering/Cairo/Internal/Drawing/Text.chs:55)
    setFontMatrix'_ (./Graphics/Rendering/Cairo/Internal/Drawing/Text.chs:58)
    getFontMatrix'_ (./Graphics/Rendering/Cairo/Internal/Drawing/Text.chs:61)
    setFontOptions'_ (./Graphics/Rendering/Cairo/Internal/Drawing/Text.chs:64)
    cairo_show_text (./Graphics/Rendering/Cairo/Internal/Drawing/Text.chs:67)
    fontExtents'_ (./Graphics/Rendering/Cairo/Internal/Drawing/Text.chs:70)
    cairo_text_extents (./Graphics/Rendering/Cairo/Internal/Drawing/Text.chs:73)
   3% (  1 / 33) in 'Graphics.Rendering.Cairo.Internal.Drawing.Patterns'
  Missing documentation for:
    patternAddColorStopRGB (./Graphics/Rendering/Cairo/Internal/Drawing/Patterns.chs:22)
    patternAddColorStopRGBA (./Graphics/Rendering/Cairo/Internal/Drawing/Patterns.chs:23)
    patternCreateRGB (./Graphics/Rendering/Cairo/Internal/Drawing/Patterns.chs:24)
    patternCreateRGBA (./Graphics/Rendering/Cairo/Internal/Drawing/Patterns.chs:25)
    patternCreateForSurface (./Graphics/Rendering/Cairo/Internal/Drawing/Patterns.chs:26)
    patternCreateLinear (./Graphics/Rendering/Cairo/Internal/Drawing/Patterns.chs:27)
    patternCreateRadial (./Graphics/Rendering/Cairo/Internal/Drawing/Patterns.chs:28)
    patternDestroy (./Graphics/Rendering/Cairo/Internal/Drawing/Patterns.chs:29)
    patternReference (./Graphics/Rendering/Cairo/Internal/Drawing/Patterns.chs:30)
    patternStatus (./Graphics/Rendering/Cairo/Internal/Drawing/Patterns.chs:31)
    patternSetExtend (./Graphics/Rendering/Cairo/Internal/Drawing/Patterns.chs:32)
    patternGetExtend (./Graphics/Rendering/Cairo/Internal/Drawing/Patterns.chs:33)
    patternSetFilter (./Graphics/Rendering/Cairo/Internal/Drawing/Patterns.chs:34)
    patternGetFilter (./Graphics/Rendering/Cairo/Internal/Drawing/Patterns.chs:35)
    patternSetMatrix (./Graphics/Rendering/Cairo/Internal/Drawing/Patterns.chs:36)
    patternGetMatrix (./Graphics/Rendering/Cairo/Internal/Drawing/Patterns.chs:37)
    patternAddColorStopRGB'_ (./Graphics/Rendering/Cairo/Internal/Drawing/Patterns.chs:39)
    patternAddColorStopRGBA'_ (./Graphics/Rendering/Cairo/Internal/Drawing/Patterns.chs:42)
    patternCreateRGB'_ (./Graphics/Rendering/Cairo/Internal/Drawing/Patterns.chs:45)
    patternCreateRGBA'_ (./Graphics/Rendering/Cairo/Internal/Drawing/Patterns.chs:48)
    patternCreateForSurface'_ (./Graphics/Rendering/Cairo/Internal/Drawing/Patterns.chs:51)
    patternCreateLinear'_ (./Graphics/Rendering/Cairo/Internal/Drawing/Patterns.chs:54)
    patternCreateRadial'_ (./Graphics/Rendering/Cairo/Internal/Drawing/Patterns.chs:57)
    patternDestroy'_ (./Graphics/Rendering/Cairo/Internal/Drawing/Patterns.chs:60)
    patternReference'_ (./Graphics/Rendering/Cairo/Internal/Drawing/Patterns.chs:63)
    patternStatus'_ (./Graphics/Rendering/Cairo/Internal/Drawing/Patterns.chs:66)
    patternSetExtend'_ (./Graphics/Rendering/Cairo/Internal/Drawing/Patterns.chs:69)
    patternGetExtend'_ (./Graphics/Rendering/Cairo/Internal/Drawing/Patterns.chs:72)
    patternSetFilter'_ (./Graphics/Rendering/Cairo/Internal/Drawing/Patterns.chs:75)
    patternGetFilter'_ (./Graphics/Rendering/Cairo/Internal/Drawing/Patterns.chs:78)
    patternSetMatrix'_ (./Graphics/Rendering/Cairo/Internal/Drawing/Patterns.chs:81)
    patternGetMatrix'_ (./Graphics/Rendering/Cairo/Internal/Drawing/Patterns.chs:84)
   4% (  1 / 27) in 'Graphics.Rendering.Cairo.Internal.Drawing.Paths'
  Missing documentation for:
    getCurrentPoint (./Graphics/Rendering/Cairo/Internal/Drawing/Paths.chs:25)
    newPath (./Graphics/Rendering/Cairo/Internal/Drawing/Paths.chs:26)
    closePath (./Graphics/Rendering/Cairo/Internal/Drawing/Paths.chs:27)
    arc (./Graphics/Rendering/Cairo/Internal/Drawing/Paths.chs:28)
    arcNegative (./Graphics/Rendering/Cairo/Internal/Drawing/Paths.chs:29)
    curveTo (./Graphics/Rendering/Cairo/Internal/Drawing/Paths.chs:30)
    lineTo (./Graphics/Rendering/Cairo/Internal/Drawing/Paths.chs:31)
    moveTo (./Graphics/Rendering/Cairo/Internal/Drawing/Paths.chs:32)
    rectangle (./Graphics/Rendering/Cairo/Internal/Drawing/Paths.chs:33)
    textPath (./Graphics/Rendering/Cairo/Internal/Drawing/Paths.chs:34)
    relCurveTo (./Graphics/Rendering/Cairo/Internal/Drawing/Paths.chs:39)
    relLineTo (./Graphics/Rendering/Cairo/Internal/Drawing/Paths.chs:40)
    relMoveTo (./Graphics/Rendering/Cairo/Internal/Drawing/Paths.chs:41)
    getCurrentPoint'_ (./Graphics/Rendering/Cairo/Internal/Drawing/Paths.chs:43)
    newPath'_ (./Graphics/Rendering/Cairo/Internal/Drawing/Paths.chs:46)
    closePath'_ (./Graphics/Rendering/Cairo/Internal/Drawing/Paths.chs:49)
    arc'_ (./Graphics/Rendering/Cairo/Internal/Drawing/Paths.chs:52)
    arcNegative'_ (./Graphics/Rendering/Cairo/Internal/Drawing/Paths.chs:55)
    curveTo'_ (./Graphics/Rendering/Cairo/Internal/Drawing/Paths.chs:58)
    lineTo'_ (./Graphics/Rendering/Cairo/Internal/Drawing/Paths.chs:61)
    moveTo'_ (./Graphics/Rendering/Cairo/Internal/Drawing/Paths.chs:64)
    rectangle'_ (./Graphics/Rendering/Cairo/Internal/Drawing/Paths.chs:67)
    cairo_text_path (./Graphics/Rendering/Cairo/Internal/Drawing/Paths.chs:70)
    relCurveTo'_ (./Graphics/Rendering/Cairo/Internal/Drawing/Paths.chs:73)
    relLineTo'_ (./Graphics/Rendering/Cairo/Internal/Drawing/Paths.chs:76)
    relMoveTo'_ (./Graphics/Rendering/Cairo/Internal/Drawing/Paths.chs:79)
   1% (  1 /103) in 'Graphics.Rendering.Cairo.Internal.Drawing.Cairo'
  Missing documentation for:
    create (./Graphics/Rendering/Cairo/Internal/Drawing/Cairo.chs:22)
    reference (./Graphics/Rendering/Cairo/Internal/Drawing/Cairo.chs:23)
    destroy (./Graphics/Rendering/Cairo/Internal/Drawing/Cairo.chs:24)
    save (./Graphics/Rendering/Cairo/Internal/Drawing/Cairo.chs:25)
    restore (./Graphics/Rendering/Cairo/Internal/Drawing/Cairo.chs:26)
    status (./Graphics/Rendering/Cairo/Internal/Drawing/Cairo.chs:27)
    getTarget (./Graphics/Rendering/Cairo/Internal/Drawing/Cairo.chs:28)
    pushGroup (./Graphics/Rendering/Cairo/Internal/Drawing/Cairo.chs:29)
    pushGroupWithContent (./Graphics/Rendering/Cairo/Internal/Drawing/Cairo.chs:30)
    popGroup (./Graphics/Rendering/Cairo/Internal/Drawing/Cairo.chs:31)
    popGroupToSource (./Graphics/Rendering/Cairo/Internal/Drawing/Cairo.chs:32)
    setSourceRGB (./Graphics/Rendering/Cairo/Internal/Drawing/Cairo.chs:33)
    setSourceRGBA (./Graphics/Rendering/Cairo/Internal/Drawing/Cairo.chs:34)
    setSource (./Graphics/Rendering/Cairo/Internal/Drawing/Cairo.chs:35)
    setSourceSurface (./Graphics/Rendering/Cairo/Internal/Drawing/Cairo.chs:36)
    getSource (./Graphics/Rendering/Cairo/Internal/Drawing/Cairo.chs:37)
    setAntialias (./Graphics/Rendering/Cairo/Internal/Drawing/Cairo.chs:38)
    getAntialias (./Graphics/Rendering/Cairo/Internal/Drawing/Cairo.chs:39)
    setDash (./Graphics/Rendering/Cairo/Internal/Drawing/Cairo.chs:40)
    setFillRule (./Graphics/Rendering/Cairo/Internal/Drawing/Cairo.chs:42)
    getFillRule (./Graphics/Rendering/Cairo/Internal/Drawing/Cairo.chs:43)
    setLineCap (./Graphics/Rendering/Cairo/Internal/Drawing/Cairo.chs:44)
    getLineCap (./Graphics/Rendering/Cairo/Internal/Drawing/Cairo.chs:45)
    setLineJoin (./Graphics/Rendering/Cairo/Internal/Drawing/Cairo.chs:46)
    getLineJoin (./Graphics/Rendering/Cairo/Internal/Drawing/Cairo.chs:47)
    setLineWidth (./Graphics/Rendering/Cairo/Internal/Drawing/Cairo.chs:48)
    getLineWidth (./Graphics/Rendering/Cairo/Internal/Drawing/Cairo.chs:49)
    setMiterLimit (./Graphics/Rendering/Cairo/Internal/Drawing/Cairo.chs:50)
    getMiterLimit (./Graphics/Rendering/Cairo/Internal/Drawing/Cairo.chs:51)
    setOperator (./Graphics/Rendering/Cairo/Internal/Drawing/Cairo.chs:52)
    getOperator (./Graphics/Rendering/Cairo/Internal/Drawing/Cairo.chs:53)
    setTolerance (./Graphics/Rendering/Cairo/Internal/Drawing/Cairo.chs:54)
    getTolerance (./Graphics/Rendering/Cairo/Internal/Drawing/Cairo.chs:55)
    clip (./Graphics/Rendering/Cairo/Internal/Drawing/Cairo.chs:56)
    clipPreserve (./Graphics/Rendering/Cairo/Internal/Drawing/Cairo.chs:57)
    resetClip (./Graphics/Rendering/Cairo/Internal/Drawing/Cairo.chs:58)
    clipExtents (./Graphics/Rendering/Cairo/Internal/Drawing/Cairo.chs:59)
    fill (./Graphics/Rendering/Cairo/Internal/Drawing/Cairo.chs:60)
    fillPreserve (./Graphics/Rendering/Cairo/Internal/Drawing/Cairo.chs:61)
    fillExtents (./Graphics/Rendering/Cairo/Internal/Drawing/Cairo.chs:62)
    inFill (./Graphics/Rendering/Cairo/Internal/Drawing/Cairo.chs:63)
    mask (./Graphics/Rendering/Cairo/Internal/Drawing/Cairo.chs:64)
    maskSurface (./Graphics/Rendering/Cairo/Internal/Drawing/Cairo.chs:65)
    paint (./Graphics/Rendering/Cairo/Internal/Drawing/Cairo.chs:66)
    paintWithAlpha (./Graphics/Rendering/Cairo/Internal/Drawing/Cairo.chs:67)
    stroke (./Graphics/Rendering/Cairo/Internal/Drawing/Cairo.chs:68)
    strokePreserve (./Graphics/Rendering/Cairo/Internal/Drawing/Cairo.chs:69)
    strokeExtents (./Graphics/Rendering/Cairo/Internal/Drawing/Cairo.chs:70)
    inStroke (./Graphics/Rendering/Cairo/Internal/Drawing/Cairo.chs:71)
    copyPage (./Graphics/Rendering/Cairo/Internal/Drawing/Cairo.chs:72)
    showPage (./Graphics/Rendering/Cairo/Internal/Drawing/Cairo.chs:73)
    create'_ (./Graphics/Rendering/Cairo/Internal/Drawing/Cairo.chs:75)
    reference'_ (./Graphics/Rendering/Cairo/Internal/Drawing/Cairo.chs:78)
    destroy'_ (./Graphics/Rendering/Cairo/Internal/Drawing/Cairo.chs:81)
    save'_ (./Graphics/Rendering/Cairo/Internal/Drawing/Cairo.chs:84)
    restore'_ (./Graphics/Rendering/Cairo/Internal/Drawing/Cairo.chs:87)
    status'_ (./Graphics/Rendering/Cairo/Internal/Drawing/Cairo.chs:90)
    getTarget'_ (./Graphics/Rendering/Cairo/Internal/Drawing/Cairo.chs:93)
    pushGroup'_ (./Graphics/Rendering/Cairo/Internal/Drawing/Cairo.chs:96)
    pushGroupWithContent'_ (./Graphics/Rendering/Cairo/Internal/Drawing/Cairo.chs:99)
    popGroup'_ (./Graphics/Rendering/Cairo/Internal/Drawing/Cairo.chs:102)
    popGroupToSource'_ (./Graphics/Rendering/Cairo/Internal/Drawing/Cairo.chs:105)
    setSourceRGB'_ (./Graphics/Rendering/Cairo/Internal/Drawing/Cairo.chs:108)
    setSourceRGBA'_ (./Graphics/Rendering/Cairo/Internal/Drawing/Cairo.chs:111)
    setSource'_ (./Graphics/Rendering/Cairo/Internal/Drawing/Cairo.chs:114)
    setSourceSurface'_ (./Graphics/Rendering/Cairo/Internal/Drawing/Cairo.chs:117)
    getSource'_ (./Graphics/Rendering/Cairo/Internal/Drawing/Cairo.chs:120)
    setAntialias'_ (./Graphics/Rendering/Cairo/Internal/Drawing/Cairo.chs:123)
    getAntialias'_ (./Graphics/Rendering/Cairo/Internal/Drawing/Cairo.chs:126)
    cairo_set_dash (./Graphics/Rendering/Cairo/Internal/Drawing/Cairo.chs:129)
    setFillRule'_ (./Graphics/Rendering/Cairo/Internal/Drawing/Cairo.chs:132)
    getFillRule'_ (./Graphics/Rendering/Cairo/Internal/Drawing/Cairo.chs:135)
    setLineCap'_ (./Graphics/Rendering/Cairo/Internal/Drawing/Cairo.chs:138)
    getLineCap'_ (./Graphics/Rendering/Cairo/Internal/Drawing/Cairo.chs:141)
    setLineJoin'_ (./Graphics/Rendering/Cairo/Internal/Drawing/Cairo.chs:144)
    getLineJoin'_ (./Graphics/Rendering/Cairo/Internal/Drawing/Cairo.chs:147)
    setLineWidth'_ (./Graphics/Rendering/Cairo/Internal/Drawing/Cairo.chs:150)
    getLineWidth'_ (./Graphics/Rendering/Cairo/Internal/Drawing/Cairo.chs:153)
    setMiterLimit'_ (./Graphics/Rendering/Cairo/Internal/Drawing/Cairo.chs:156)
    getMiterLimit'_ (./Graphics/Rendering/Cairo/Internal/Drawing/Cairo.chs:159)
    setOperator'_ (./Graphics/Rendering/Cairo/Internal/Drawing/Cairo.chs:162)
    getOperator'_ (./Graphics/Rendering/Cairo/Internal/Drawing/Cairo.chs:165)
    setTolerance'_ (./Graphics/Rendering/Cairo/Internal/Drawing/Cairo.chs:168)
    getTolerance'_ (./Graphics/Rendering/Cairo/Internal/Drawing/Cairo.chs:171)
    clip'_ (./Graphics/Rendering/Cairo/Internal/Drawing/Cairo.chs:174)
    clipPreserve'_ (./Graphics/Rendering/Cairo/Internal/Drawing/Cairo.chs:177)
    resetClip'_ (./Graphics/Rendering/Cairo/Internal/Drawing/Cairo.chs:180)
    clipExtents'_ (./Graphics/Rendering/Cairo/Internal/Drawing/Cairo.chs:183)
    fill'_ (./Graphics/Rendering/Cairo/Internal/Drawing/Cairo.chs:186)
    fillPreserve'_ (./Graphics/Rendering/Cairo/Internal/Drawing/Cairo.chs:189)
    fillExtents'_ (./Graphics/Rendering/Cairo/Internal/Drawing/Cairo.chs:192)
    inFill'_ (./Graphics/Rendering/Cairo/Internal/Drawing/Cairo.chs:195)
    mask'_ (./Graphics/Rendering/Cairo/Internal/Drawing/Cairo.chs:198)
    maskSurface'_ (./Graphics/Rendering/Cairo/Internal/Drawing/Cairo.chs:201)
    paint'_ (./Graphics/Rendering/Cairo/Internal/Drawing/Cairo.chs:204)
    paintWithAlpha'_ (./Graphics/Rendering/Cairo/Internal/Drawing/Cairo.chs:207)
    stroke'_ (./Graphics/Rendering/Cairo/Internal/Drawing/Cairo.chs:210)
    strokePreserve'_ (./Graphics/Rendering/Cairo/Internal/Drawing/Cairo.chs:213)
    strokeExtents'_ (./Graphics/Rendering/Cairo/Internal/Drawing/Cairo.chs:216)
    inStroke'_ (./Graphics/Rendering/Cairo/Internal/Drawing/Cairo.chs:219)
    copyPage'_ (./Graphics/Rendering/Cairo/Internal/Drawing/Cairo.chs:222)
    showPage'_ (./Graphics/Rendering/Cairo/Internal/Drawing/Cairo.chs:225)
   6% ( 25 /392) in 'Graphics.Rendering.Cairo.Internal'
  Missing documentation for:
    bracketR (Graphics/Rendering/Cairo/Internal.hs:64)
    PixelData (./Graphics/Rendering/Cairo/Types.chs:72)
    MatrixPtr (./Graphics/Rendering/Cairo/Matrix.chs:50)
    Cairo (./Graphics/Rendering/Cairo/Types.chs:75)
    unCairo (./Graphics/Rendering/Cairo/Types.chs:76)
    withSurface (./Graphics/Rendering/Cairo/Types.chs:80)
    mkSurface (./Graphics/Rendering/Cairo/Types.chs:82)
    manageSurface (./Graphics/Rendering/Cairo/Types.chs:87)
    unPattern (./Graphics/Rendering/Cairo/Types.chs:100)
    ScaledFont (./Graphics/Rendering/Cairo/Types.chs:168)
    unScaledFont (./Graphics/Rendering/Cairo/Types.chs:169)
    FontFace (./Graphics/Rendering/Cairo/Types.chs:171)
    unFontFace (./Graphics/Rendering/Cairo/Types.chs:172)
    Glyph (./Graphics/Rendering/Cairo/Types.chs:174)
    unGlyph (./Graphics/Rendering/Cairo/Types.chs:175)
    TextExtentsPtr (./Graphics/Rendering/Cairo/Types.chs:177)
    FontExtentsPtr (./Graphics/Rendering/Cairo/Types.chs:211)
    withFontOptions (./Graphics/Rendering/Cairo/Types.chs:311)
    mkFontOptions (./Graphics/Rendering/Cairo/Types.chs:313)
    unPath (./Graphics/Rendering/Cairo/Types.chs:341)
    withRegion (./Graphics/Rendering/Cairo/Types.chs:379)
    mkRegion (./Graphics/Rendering/Cairo/Types.chs:381)
    Content (./Graphics/Rendering/Cairo/Types.chs:390)
    Format (./Graphics/Rendering/Cairo/Types.chs:393)
    cIntConv (./Graphics/Rendering/Cairo/Types.chs:408)
    cFloatConv (./Graphics/Rendering/Cairo/Types.chs:412)
    cFromBool (./Graphics/Rendering/Cairo/Types.chs:416)
    cToBool (./Graphics/Rendering/Cairo/Types.chs:420)
    cToEnum (./Graphics/Rendering/Cairo/Types.chs:424)
    cFromEnum (./Graphics/Rendering/Cairo/Types.chs:428)
    peekFloatConv (./Graphics/Rendering/Cairo/Types.chs:432)
    withFloatConv (./Graphics/Rendering/Cairo/Types.chs:436)
    create (./Graphics/Rendering/Cairo/Internal/Drawing/Cairo.chs:22)
    reference (./Graphics/Rendering/Cairo/Internal/Drawing/Cairo.chs:23)
    destroy (./Graphics/Rendering/Cairo/Internal/Drawing/Cairo.chs:24)
    save (./Graphics/Rendering/Cairo/Internal/Drawing/Cairo.chs:25)
    restore (./Graphics/Rendering/Cairo/Internal/Drawing/Cairo.chs:26)
    status (./Graphics/Rendering/Cairo/Internal/Drawing/Cairo.chs:27)
    getTarget (./Graphics/Rendering/Cairo/Internal/Drawing/Cairo.chs:28)
    pushGroup (./Graphics/Rendering/Cairo/Internal/Drawing/Cairo.chs:29)
    pushGroupWithContent (./Graphics/Rendering/Cairo/Internal/Drawing/Cairo.chs:30)
    popGroup (./Graphics/Rendering/Cairo/Internal/Drawing/Cairo.chs:31)
    popGroupToSource (./Graphics/Rendering/Cairo/Internal/Drawing/Cairo.chs:32)
    setSourceRGB (./Graphics/Rendering/Cairo/Internal/Drawing/Cairo.chs:33)
    setSourceRGBA (./Graphics/Rendering/Cairo/Internal/Drawing/Cairo.chs:34)
    setSource (./Graphics/Rendering/Cairo/Internal/Drawing/Cairo.chs:35)
    setSourceSurface (./Graphics/Rendering/Cairo/Internal/Drawing/Cairo.chs:36)
    getSource (./Graphics/Rendering/Cairo/Internal/Drawing/Cairo.chs:37)
    setAntialias (./Graphics/Rendering/Cairo/Internal/Drawing/Cairo.chs:38)
    getAntialias (./Graphics/Rendering/Cairo/Internal/Drawing/Cairo.chs:39)
    setDash (./Graphics/Rendering/Cairo/Internal/Drawing/Cairo.chs:40)
    setFillRule (./Graphics/Rendering/Cairo/Internal/Drawing/Cairo.chs:42)
    getFillRule (./Graphics/Rendering/Cairo/Internal/Drawing/Cairo.chs:43)
    setLineCap (./Graphics/Rendering/Cairo/Internal/Drawing/Cairo.chs:44)
    getLineCap (./Graphics/Rendering/Cairo/Internal/Drawing/Cairo.chs:45)
    setLineJoin (./Graphics/Rendering/Cairo/Internal/Drawing/Cairo.chs:46)
    getLineJoin (./Graphics/Rendering/Cairo/Internal/Drawing/Cairo.chs:47)
    setLineWidth (./Graphics/Rendering/Cairo/Internal/Drawing/Cairo.chs:48)
    getLineWidth (./Graphics/Rendering/Cairo/Internal/Drawing/Cairo.chs:49)
    setMiterLimit (./Graphics/Rendering/Cairo/Internal/Drawing/Cairo.chs:50)
    getMiterLimit (./Graphics/Rendering/Cairo/Internal/Drawing/Cairo.chs:51)
    setOperator (./Graphics/Rendering/Cairo/Internal/Drawing/Cairo.chs:52)
    getOperator (./Graphics/Rendering/Cairo/Internal/Drawing/Cairo.chs:53)
    setTolerance (./Graphics/Rendering/Cairo/Internal/Drawing/Cairo.chs:54)
    getTolerance (./Graphics/Rendering/Cairo/Internal/Drawing/Cairo.chs:55)
    clip (./Graphics/Rendering/Cairo/Internal/Drawing/Cairo.chs:56)
    clipPreserve (./Graphics/Rendering/Cairo/Internal/Drawing/Cairo.chs:57)
    resetClip (./Graphics/Rendering/Cairo/Internal/Drawing/Cairo.chs:58)
    clipExtents (./Graphics/Rendering/Cairo/Internal/Drawing/Cairo.chs:59)
    fill (./Graphics/Rendering/Cairo/Internal/Drawing/Cairo.chs:60)
    fillPreserve (./Graphics/Rendering/Cairo/Internal/Drawing/Cairo.chs:61)
    fillExtents (./Graphics/Rendering/Cairo/Internal/Drawing/Cairo.chs:62)
    inFill (./Graphics/Rendering/Cairo/Internal/Drawing/Cairo.chs:63)
    mask (./Graphics/Rendering/Cairo/Internal/Drawing/Cairo.chs:64)
    maskSurface (./Graphics/Rendering/Cairo/Internal/Drawing/Cairo.chs:65)
    paint (./Graphics/Rendering/Cairo/Internal/Drawing/Cairo.chs:66)
    paintWithAlpha (./Graphics/Rendering/Cairo/Internal/Drawing/Cairo.chs:67)
    stroke (./Graphics/Rendering/Cairo/Internal/Drawing/Cairo.chs:68)
    strokePreserve (./Graphics/Rendering/Cairo/Internal/Drawing/Cairo.chs:69)
    strokeExtents (./Graphics/Rendering/Cairo/Internal/Drawing/Cairo.chs:70)
    inStroke (./Graphics/Rendering/Cairo/Internal/Drawing/Cairo.chs:71)
    copyPage (./Graphics/Rendering/Cairo/Internal/Drawing/Cairo.chs:72)
    showPage (./Graphics/Rendering/Cairo/Internal/Drawing/Cairo.chs:73)
    create'_ (./Graphics/Rendering/Cairo/Internal/Drawing/Cairo.chs:75)
    reference'_ (./Graphics/Rendering/Cairo/Internal/Drawing/Cairo.chs:78)
    destroy'_ (./Graphics/Rendering/Cairo/Internal/Drawing/Cairo.chs:81)
    save'_ (./Graphics/Rendering/Cairo/Internal/Drawing/Cairo.chs:84)
    restore'_ (./Graphics/Rendering/Cairo/Internal/Drawing/Cairo.chs:87)
    status'_ (./Graphics/Rendering/Cairo/Internal/Drawing/Cairo.chs:90)
    getTarget'_ (./Graphics/Rendering/Cairo/Internal/Drawing/Cairo.chs:93)
    pushGroup'_ (./Graphics/Rendering/Cairo/Internal/Drawing/Cairo.chs:96)
    pushGroupWithContent'_ (./Graphics/Rendering/Cairo/Internal/Drawing/Cairo.chs:99)
    popGroup'_ (./Graphics/Rendering/Cairo/Internal/Drawing/Cairo.chs:102)
    popGroupToSource'_ (./Graphics/Rendering/Cairo/Internal/Drawing/Cairo.chs:105)
    setSourceRGB'_ (./Graphics/Rendering/Cairo/Internal/Drawing/Cairo.chs:108)
    setSourceRGBA'_ (./Graphics/Rendering/Cairo/Internal/Drawing/Cairo.chs:111)
    setSource'_ (./Graphics/Rendering/Cairo/Internal/Drawing/Cairo.chs:114)
    setSourceSurface'_ (./Graphics/Rendering/Cairo/Internal/Drawing/Cairo.chs:117)
    getSource'_ (./Graphics/Rendering/Cairo/Internal/Drawing/Cairo.chs:120)
    setAntialias'_ (./Graphics/Rendering/Cairo/Internal/Drawing/Cairo.chs:123)
    getAntialias'_ (./Graphics/Rendering/Cairo/Internal/Drawing/Cairo.chs:126)
    cairo_set_dash (./Graphics/Rendering/Cairo/Internal/Drawing/Cairo.chs:129)
    setFillRule'_ (./Graphics/Rendering/Cairo/Internal/Drawing/Cairo.chs:132)
    getFillRule'_ (./Graphics/Rendering/Cairo/Internal/Drawing/Cairo.chs:135)
    setLineCap'_ (./Graphics/Rendering/Cairo/Internal/Drawing/Cairo.chs:138)
    getLineCap'_ (./Graphics/Rendering/Cairo/Internal/Drawing/Cairo.chs:141)
    setLineJoin'_ (./Graphics/Rendering/Cairo/Internal/Drawing/Cairo.chs:144)
    getLineJoin'_ (./Graphics/Rendering/Cairo/Internal/Drawing/Cairo.chs:147)
    setLineWidth'_ (./Graphics/Rendering/Cairo/Internal/Drawing/Cairo.chs:150)
    getLineWidth'_ (./Graphics/Rendering/Cairo/Internal/Drawing/Cairo.chs:153)
    setMiterLimit'_ (./Graphics/Rendering/Cairo/Internal/Drawing/Cairo.chs:156)
    getMiterLimit'_ (./Graphics/Rendering/Cairo/Internal/Drawing/Cairo.chs:159)
    setOperator'_ (./Graphics/Rendering/Cairo/Internal/Drawing/Cairo.chs:162)
    getOperator'_ (./Graphics/Rendering/Cairo/Internal/Drawing/Cairo.chs:165)
    setTolerance'_ (./Graphics/Rendering/Cairo/Internal/Drawing/Cairo.chs:168)
    getTolerance'_ (./Graphics/Rendering/Cairo/Internal/Drawing/Cairo.chs:171)
    clip'_ (./Graphics/Rendering/Cairo/Internal/Drawing/Cairo.chs:174)
    clipPreserve'_ (./Graphics/Rendering/Cairo/Internal/Drawing/Cairo.chs:177)
    resetClip'_ (./Graphics/Rendering/Cairo/Internal/Drawing/Cairo.chs:180)
    clipExtents'_ (./Graphics/Rendering/Cairo/Internal/Drawing/Cairo.chs:183)
    fill'_ (./Graphics/Rendering/Cairo/Internal/Drawing/Cairo.chs:186)
    fillPreserve'_ (./Graphics/Rendering/Cairo/Internal/Drawing/Cairo.chs:189)
    fillExtents'_ (./Graphics/Rendering/Cairo/Internal/Drawing/Cairo.chs:192)
    inFill'_ (./Graphics/Rendering/Cairo/Internal/Drawing/Cairo.chs:195)
    mask'_ (./Graphics/Rendering/Cairo/Internal/Drawing/Cairo.chs:198)
    maskSurface'_ (./Graphics/Rendering/Cairo/Internal/Drawing/Cairo.chs:201)
    paint'_ (./Graphics/Rendering/Cairo/Internal/Drawing/Cairo.chs:204)
    paintWithAlpha'_ (./Graphics/Rendering/Cairo/Internal/Drawing/Cairo.chs:207)
    stroke'_ (./Graphics/Rendering/Cairo/Internal/Drawing/Cairo.chs:210)
    strokePreserve'_ (./Graphics/Rendering/Cairo/Internal/Drawing/Cairo.chs:213)
    strokeExtents'_ (./Graphics/Rendering/Cairo/Internal/Drawing/Cairo.chs:216)
    inStroke'_ (./Graphics/Rendering/Cairo/Internal/Drawing/Cairo.chs:219)
    copyPage'_ (./Graphics/Rendering/Cairo/Internal/Drawing/Cairo.chs:222)
    showPage'_ (./Graphics/Rendering/Cairo/Internal/Drawing/Cairo.chs:225)
    getCurrentPoint (./Graphics/Rendering/Cairo/Internal/Drawing/Paths.chs:25)
    newPath (./Graphics/Rendering/Cairo/Internal/Drawing/Paths.chs:26)
    closePath (./Graphics/Rendering/Cairo/Internal/Drawing/Paths.chs:27)
    arc (./Graphics/Rendering/Cairo/Internal/Drawing/Paths.chs:28)
    arcNegative (./Graphics/Rendering/Cairo/Internal/Drawing/Paths.chs:29)
    curveTo (./Graphics/Rendering/Cairo/Internal/Drawing/Paths.chs:30)
    lineTo (./Graphics/Rendering/Cairo/Internal/Drawing/Paths.chs:31)
    moveTo (./Graphics/Rendering/Cairo/Internal/Drawing/Paths.chs:32)
    rectangle (./Graphics/Rendering/Cairo/Internal/Drawing/Paths.chs:33)
    textPath (./Graphics/Rendering/Cairo/Internal/Drawing/Paths.chs:34)
    relCurveTo (./Graphics/Rendering/Cairo/Internal/Drawing/Paths.chs:39)
    relLineTo (./Graphics/Rendering/Cairo/Internal/Drawing/Paths.chs:40)
    relMoveTo (./Graphics/Rendering/Cairo/Internal/Drawing/Paths.chs:41)
    getCurrentPoint'_ (./Graphics/Rendering/Cairo/Internal/Drawing/Paths.chs:43)
    newPath'_ (./Graphics/Rendering/Cairo/Internal/Drawing/Paths.chs:46)
    closePath'_ (./Graphics/Rendering/Cairo/Internal/Drawing/Paths.chs:49)
    arc'_ (./Graphics/Rendering/Cairo/Internal/Drawing/Paths.chs:52)
    arcNegative'_ (./Graphics/Rendering/Cairo/Internal/Drawing/Paths.chs:55)
    curveTo'_ (./Graphics/Rendering/Cairo/Internal/Drawing/Paths.chs:58)
    lineTo'_ (./Graphics/Rendering/Cairo/Internal/Drawing/Paths.chs:61)
    moveTo'_ (./Graphics/Rendering/Cairo/Internal/Drawing/Paths.chs:64)
    rectangle'_ (./Graphics/Rendering/Cairo/Internal/Drawing/Paths.chs:67)
    cairo_text_path (./Graphics/Rendering/Cairo/Internal/Drawing/Paths.chs:70)
    relCurveTo'_ (./Graphics/Rendering/Cairo/Internal/Drawing/Paths.chs:73)
    relLineTo'_ (./Graphics/Rendering/Cairo/Internal/Drawing/Paths.chs:76)
    relMoveTo'_ (./Graphics/Rendering/Cairo/Internal/Drawing/Paths.chs:79)
    patternAddColorStopRGB (./Graphics/Rendering/Cairo/Internal/Drawing/Patterns.chs:22)
    patternAddColorStopRGBA (./Graphics/Rendering/Cairo/Internal/Drawing/Patterns.chs:23)
    patternCreateRGB (./Graphics/Rendering/Cairo/Internal/Drawing/Patterns.chs:24)
    patternCreateRGBA (./Graphics/Rendering/Cairo/Internal/Drawing/Patterns.chs:25)
    patternCreateForSurface (./Graphics/Rendering/Cairo/Internal/Drawing/Patterns.chs:26)
    patternCreateLinear (./Graphics/Rendering/Cairo/Internal/Drawing/Patterns.chs:27)
    patternCreateRadial (./Graphics/Rendering/Cairo/Internal/Drawing/Patterns.chs:28)
    patternDestroy (./Graphics/Rendering/Cairo/Internal/Drawing/Patterns.chs:29)
    patternReference (./Graphics/Rendering/Cairo/Internal/Drawing/Patterns.chs:30)
    patternStatus (./Graphics/Rendering/Cairo/Internal/Drawing/Patterns.chs:31)
    patternSetExtend (./Graphics/Rendering/Cairo/Internal/Drawing/Patterns.chs:32)
    patternGetExtend (./Graphics/Rendering/Cairo/Internal/Drawing/Patterns.chs:33)
    patternSetFilter (./Graphics/Rendering/Cairo/Internal/Drawing/Patterns.chs:34)
    patternGetFilter (./Graphics/Rendering/Cairo/Internal/Drawing/Patterns.chs:35)
    patternSetMatrix (./Graphics/Rendering/Cairo/Internal/Drawing/Patterns.chs:36)
    patternGetMatrix (./Graphics/Rendering/Cairo/Internal/Drawing/Patterns.chs:37)
    patternAddColorStopRGB'_ (./Graphics/Rendering/Cairo/Internal/Drawing/Patterns.chs:39)
    patternAddColorStopRGBA'_ (./Graphics/Rendering/Cairo/Internal/Drawing/Patterns.chs:42)
    patternCreateRGB'_ (./Graphics/Rendering/Cairo/Internal/Drawing/Patterns.chs:45)
    patternCreateRGBA'_ (./Graphics/Rendering/Cairo/Internal/Drawing/Patterns.chs:48)
    patternCreateForSurface'_ (./Graphics/Rendering/Cairo/Internal/Drawing/Patterns.chs:51)
    patternCreateLinear'_ (./Graphics/Rendering/Cairo/Internal/Drawing/Patterns.chs:54)
    patternCreateRadial'_ (./Graphics/Rendering/Cairo/Internal/Drawing/Patterns.chs:57)
    patternDestroy'_ (./Graphics/Rendering/Cairo/Internal/Drawing/Patterns.chs:60)
    patternReference'_ (./Graphics/Rendering/Cairo/Internal/Drawing/Patterns.chs:63)
    patternStatus'_ (./Graphics/Rendering/Cairo/Internal/Drawing/Patterns.chs:66)
    patternSetExtend'_ (./Graphics/Rendering/Cairo/Internal/Drawing/Patterns.chs:69)
    patternGetExtend'_ (./Graphics/Rendering/Cairo/Internal/Drawing/Patterns.chs:72)
    patternSetFilter'_ (./Graphics/Rendering/Cairo/Internal/Drawing/Patterns.chs:75)
    patternGetFilter'_ (./Graphics/Rendering/Cairo/Internal/Drawing/Patterns.chs:78)
    patternSetMatrix'_ (./Graphics/Rendering/Cairo/Internal/Drawing/Patterns.chs:81)
    patternGetMatrix'_ (./Graphics/Rendering/Cairo/Internal/Drawing/Patterns.chs:84)
    selectFontFace (./Graphics/Rendering/Cairo/Internal/Drawing/Text.chs:24)
    setFontSize (./Graphics/Rendering/Cairo/Internal/Drawing/Text.chs:30)
    setFontMatrix (./Graphics/Rendering/Cairo/Internal/Drawing/Text.chs:31)
    getFontMatrix (./Graphics/Rendering/Cairo/Internal/Drawing/Text.chs:32)
    setFontOptions (./Graphics/Rendering/Cairo/Internal/Drawing/Text.chs:33)
    showText (./Graphics/Rendering/Cairo/Internal/Drawing/Text.chs:35)
    fontExtents (./Graphics/Rendering/Cairo/Internal/Drawing/Text.chs:41)
    textExtents (./Graphics/Rendering/Cairo/Internal/Drawing/Text.chs:43)
    cairo_select_font_face (./Graphics/Rendering/Cairo/Internal/Drawing/Text.chs:52)
    setFontSize'_ (./Graphics/Rendering/Cairo/Internal/Drawing/Text.chs:55)
    setFontMatrix'_ (./Graphics/Rendering/Cairo/Internal/Drawing/Text.chs:58)
    getFontMatrix'_ (./Graphics/Rendering/Cairo/Internal/Drawing/Text.chs:61)
    setFontOptions'_ (./Graphics/Rendering/Cairo/Internal/Drawing/Text.chs:64)
    cairo_show_text (./Graphics/Rendering/Cairo/Internal/Drawing/Text.chs:67)
    fontExtents'_ (./Graphics/Rendering/Cairo/Internal/Drawing/Text.chs:70)
    cairo_text_extents (./Graphics/Rendering/Cairo/Internal/Drawing/Text.chs:73)
    translate (./Graphics/Rendering/Cairo/Internal/Drawing/Transformations.chs:22)
    scale (./Graphics/Rendering/Cairo/Internal/Drawing/Transformations.chs:23)
    rotate (./Graphics/Rendering/Cairo/Internal/Drawing/Transformations.chs:24)
    transform (./Graphics/Rendering/Cairo/Internal/Drawing/Transformations.chs:25)
    setMatrix (./Graphics/Rendering/Cairo/Internal/Drawing/Transformations.chs:26)
    getMatrix (./Graphics/Rendering/Cairo/Internal/Drawing/Transformations.chs:27)
    identityMatrix (./Graphics/Rendering/Cairo/Internal/Drawing/Transformations.chs:28)
    userToDevice (./Graphics/Rendering/Cairo/Internal/Drawing/Transformations.chs:29)
    userToDeviceDistance (./Graphics/Rendering/Cairo/Internal/Drawing/Transformations.chs:30)
    deviceToUser (./Graphics/Rendering/Cairo/Internal/Drawing/Transformations.chs:31)
    deviceToUserDistance (./Graphics/Rendering/Cairo/Internal/Drawing/Transformations.chs:32)
    translate'_ (./Graphics/Rendering/Cairo/Internal/Drawing/Transformations.chs:34)
    scale'_ (./Graphics/Rendering/Cairo/Internal/Drawing/Transformations.chs:37)
    rotate'_ (./Graphics/Rendering/Cairo/Internal/Drawing/Transformations.chs:40)
    transform'_ (./Graphics/Rendering/Cairo/Internal/Drawing/Transformations.chs:43)
    setMatrix'_ (./Graphics/Rendering/Cairo/Internal/Drawing/Transformations.chs:46)
    getMatrix'_ (./Graphics/Rendering/Cairo/Internal/Drawing/Transformations.chs:49)
    identityMatrix'_ (./Graphics/Rendering/Cairo/Internal/Drawing/Transformations.chs:52)
    userToDevice'_ (./Graphics/Rendering/Cairo/Internal/Drawing/Transformations.chs:55)
    userToDeviceDistance'_ (./Graphics/Rendering/Cairo/Internal/Drawing/Transformations.chs:58)
    deviceToUser'_ (./Graphics/Rendering/Cairo/Internal/Drawing/Transformations.chs:61)
    deviceToUserDistance'_ (./Graphics/Rendering/Cairo/Internal/Drawing/Transformations.chs:64)
    fontOptionsCreate (./Graphics/Rendering/Cairo/Internal/Fonts/FontOptions.chs:22)
    fontOptionsCopy (./Graphics/Rendering/Cairo/Internal/Fonts/FontOptions.chs:23)
    fontOptionsDestroy (./Graphics/Rendering/Cairo/Internal/Fonts/FontOptions.chs:24)
    fontOptionsStatus (./Graphics/Rendering/Cairo/Internal/Fonts/FontOptions.chs:25)
    fontOptionsMerge (./Graphics/Rendering/Cairo/Internal/Fonts/FontOptions.chs:26)
    fontOptionsHash (./Graphics/Rendering/Cairo/Internal/Fonts/FontOptions.chs:27)
    fontOptionsEqual (./Graphics/Rendering/Cairo/Internal/Fonts/FontOptions.chs:28)
    fontOptionsSetAntialias (./Graphics/Rendering/Cairo/Internal/Fonts/FontOptions.chs:29)
    fontOptionsGetAntialias (./Graphics/Rendering/Cairo/Internal/Fonts/FontOptions.chs:30)
    fontOptionsSetSubpixelOrder (./Graphics/Rendering/Cairo/Internal/Fonts/FontOptions.chs:31)
    fontOptionsGetSubpixelOrder (./Graphics/Rendering/Cairo/Internal/Fonts/FontOptions.chs:32)
    fontOptionsSetHintStyle (./Graphics/Rendering/Cairo/Internal/Fonts/FontOptions.chs:33)
    fontOptionsGetHintStyle (./Graphics/Rendering/Cairo/Internal/Fonts/FontOptions.chs:34)
    fontOptionsSetHintMetrics (./Graphics/Rendering/Cairo/Internal/Fonts/FontOptions.chs:35)
    fontOptionsGetHintMetrics (./Graphics/Rendering/Cairo/Internal/Fonts/FontOptions.chs:36)
    fontOptionsCreate'_ (./Graphics/Rendering/Cairo/Internal/Fonts/FontOptions.chs:38)
    fontOptionsCopy'_ (./Graphics/Rendering/Cairo/Internal/Fonts/FontOptions.chs:41)
    fontOptionsDestroy'_ (./Graphics/Rendering/Cairo/Internal/Fonts/FontOptions.chs:44)
    fontOptionsStatus'_ (./Graphics/Rendering/Cairo/Internal/Fonts/FontOptions.chs:47)
    fontOptionsMerge'_ (./Graphics/Rendering/Cairo/Internal/Fonts/FontOptions.chs:50)
    fontOptionsHash'_ (./Graphics/Rendering/Cairo/Internal/Fonts/FontOptions.chs:53)
    fontOptionsEqual'_ (./Graphics/Rendering/Cairo/Internal/Fonts/FontOptions.chs:56)
    fontOptionsSetAntialias'_ (./Graphics/Rendering/Cairo/Internal/Fonts/FontOptions.chs:59)
    fontOptionsGetAntialias'_ (./Graphics/Rendering/Cairo/Internal/Fonts/FontOptions.chs:62)
    fontOptionsSetSubpixelOrder'_ (./Graphics/Rendering/Cairo/Internal/Fonts/FontOptions.chs:65)
    fontOptionsGetSubpixelOrder'_ (./Graphics/Rendering/Cairo/Internal/Fonts/FontOptions.chs:68)
    fontOptionsSetHintStyle'_ (./Graphics/Rendering/Cairo/Internal/Fonts/FontOptions.chs:71)
    fontOptionsGetHintStyle'_ (./Graphics/Rendering/Cairo/Internal/Fonts/FontOptions.chs:74)
    fontOptionsSetHintMetrics'_ (./Graphics/Rendering/Cairo/Internal/Fonts/FontOptions.chs:77)
    fontOptionsGetHintMetrics'_ (./Graphics/Rendering/Cairo/Internal/Fonts/FontOptions.chs:80)
    imageSurfaceCreateForData (./Graphics/Rendering/Cairo/Internal/Surfaces/Image.chs:24)
    imageSurfaceCreate (./Graphics/Rendering/Cairo/Internal/Surfaces/Image.chs:32)
    imageSurfaceGetWidth (./Graphics/Rendering/Cairo/Internal/Surfaces/Image.chs:33)
    imageSurfaceGetHeight (./Graphics/Rendering/Cairo/Internal/Surfaces/Image.chs:34)
    imageSurfaceGetStride (./Graphics/Rendering/Cairo/Internal/Surfaces/Image.chs:36)
    imageSurfaceGetFormat (./Graphics/Rendering/Cairo/Internal/Surfaces/Image.chs:37)
    imageSurfaceGetData (./Graphics/Rendering/Cairo/Internal/Surfaces/Image.chs:38)
    formatStrideForWidth (./Graphics/Rendering/Cairo/Internal/Surfaces/Image.chs:40)
    imageSurfaceCreateForData'_ (./Graphics/Rendering/Cairo/Internal/Surfaces/Image.chs:42)
    imageSurfaceCreate'_ (./Graphics/Rendering/Cairo/Internal/Surfaces/Image.chs:45)
    imageSurfaceGetWidth'_ (./Graphics/Rendering/Cairo/Internal/Surfaces/Image.chs:48)
    imageSurfaceGetHeight'_ (./Graphics/Rendering/Cairo/Internal/Surfaces/Image.chs:51)
    imageSurfaceGetStride'_ (./Graphics/Rendering/Cairo/Internal/Surfaces/Image.chs:54)
    imageSurfaceGetFormat'_ (./Graphics/Rendering/Cairo/Internal/Surfaces/Image.chs:57)
    imageSurfaceGetData'_ (./Graphics/Rendering/Cairo/Internal/Surfaces/Image.chs:60)
    formatStrideForWidth'_ (./Graphics/Rendering/Cairo/Internal/Surfaces/Image.chs:63)
    pdfSurfaceCreate (./Graphics/Rendering/Cairo/Internal/Surfaces/PDF.chs:26)
    pdfSurfaceSetSize (./Graphics/Rendering/Cairo/Internal/Surfaces/PDF.chs:29)
    pdfSurfaceCreate'_ (./Graphics/Rendering/Cairo/Internal/Surfaces/PDF.chs:31)
    pdfSurfaceSetSize'_ (./Graphics/Rendering/Cairo/Internal/Surfaces/PDF.chs:34)
    imageSurfaceCreateFromPNG (./Graphics/Rendering/Cairo/Internal/Surfaces/PNG.chs:26)
    surfaceWriteToPNG (./Graphics/Rendering/Cairo/Internal/Surfaces/PNG.chs:32)
    cairo_image_surface_create_from_png (./Graphics/Rendering/Cairo/Internal/Surfaces/PNG.chs:34)
    surfaceWriteToPNG'_ (./Graphics/Rendering/Cairo/Internal/Surfaces/PNG.chs:37)
    psSurfaceCreate (./Graphics/Rendering/Cairo/Internal/Surfaces/PS.chs:26)
    psSurfaceSetSize (./Graphics/Rendering/Cairo/Internal/Surfaces/PS.chs:29)
    psSurfaceCreate'_ (./Graphics/Rendering/Cairo/Internal/Surfaces/PS.chs:31)
    psSurfaceSetSize'_ (./Graphics/Rendering/Cairo/Internal/Surfaces/PS.chs:34)
    svgSurfaceCreate (./Graphics/Rendering/Cairo/Internal/Surfaces/SVG.chs:26)
    svgSurfaceCreate'_ (./Graphics/Rendering/Cairo/Internal/Surfaces/SVG.chs:28)
    surfaceCreateSimilar (./Graphics/Rendering/Cairo/Internal/Surfaces/Surface.chs:22)
    surfaceDestroy (./Graphics/Rendering/Cairo/Internal/Surfaces/Surface.chs:23)
    surfaceFinish (./Graphics/Rendering/Cairo/Internal/Surfaces/Surface.chs:24)
    surfaceFlush (./Graphics/Rendering/Cairo/Internal/Surfaces/Surface.chs:25)
    surfaceGetFontOptions (./Graphics/Rendering/Cairo/Internal/Surfaces/Surface.chs:26)
    surfaceGetContent (./Graphics/Rendering/Cairo/Internal/Surfaces/Surface.chs:27)
    surfaceMarkDirty (./Graphics/Rendering/Cairo/Internal/Surfaces/Surface.chs:28)
    surfaceMarkDirtyRectangle (./Graphics/Rendering/Cairo/Internal/Surfaces/Surface.chs:29)
    surfaceReference (./Graphics/Rendering/Cairo/Internal/Surfaces/Surface.chs:30)
    surfaceSetDeviceOffset (./Graphics/Rendering/Cairo/Internal/Surfaces/Surface.chs:31)
    surfaceStatus (./Graphics/Rendering/Cairo/Internal/Surfaces/Surface.chs:32)
    surfaceCreateSimilar'_ (./Graphics/Rendering/Cairo/Internal/Surfaces/Surface.chs:34)
    surfaceDestroy'_ (./Graphics/Rendering/Cairo/Internal/Surfaces/Surface.chs:37)
    surfaceFinish'_ (./Graphics/Rendering/Cairo/Internal/Surfaces/Surface.chs:40)
    surfaceFlush'_ (./Graphics/Rendering/Cairo/Internal/Surfaces/Surface.chs:43)
    surfaceGetFontOptions'_ (./Graphics/Rendering/Cairo/Internal/Surfaces/Surface.chs:46)
    surfaceGetContent'_ (./Graphics/Rendering/Cairo/Internal/Surfaces/Surface.chs:49)
    surfaceMarkDirty'_ (./Graphics/Rendering/Cairo/Internal/Surfaces/Surface.chs:52)
    surfaceMarkDirtyRectangle'_ (./Graphics/Rendering/Cairo/Internal/Surfaces/Surface.chs:55)
    surfaceReference'_ (./Graphics/Rendering/Cairo/Internal/Surfaces/Surface.chs:58)
    surfaceSetDeviceOffset'_ (./Graphics/Rendering/Cairo/Internal/Surfaces/Surface.chs:61)
    surfaceStatus'_ (./Graphics/Rendering/Cairo/Internal/Surfaces/Surface.chs:64)
    regionCreateRectangles (./Graphics/Rendering/Cairo/Internal/Region.chs:24)
    regionCreate (./Graphics/Rendering/Cairo/Internal/Region.chs:28)
    regionCreateRectangle (./Graphics/Rendering/Cairo/Internal/Region.chs:29)
    regionCopy (./Graphics/Rendering/Cairo/Internal/Region.chs:30)
    regionDestroy (./Graphics/Rendering/Cairo/Internal/Region.chs:31)
    regionReference (./Graphics/Rendering/Cairo/Internal/Region.chs:32)
    regionStatus (./Graphics/Rendering/Cairo/Internal/Region.chs:33)
    regionGetExtents (./Graphics/Rendering/Cairo/Internal/Region.chs:34)
    regionNumRectangles (./Graphics/Rendering/Cairo/Internal/Region.chs:35)
    regionGetRectangle (./Graphics/Rendering/Cairo/Internal/Region.chs:36)
    regionIsEmpty (./Graphics/Rendering/Cairo/Internal/Region.chs:37)
    regionContainsPoint (./Graphics/Rendering/Cairo/Internal/Region.chs:38)
    regionContainsRectangle (./Graphics/Rendering/Cairo/Internal/Region.chs:39)
    regionEqual (./Graphics/Rendering/Cairo/Internal/Region.chs:40)
    regionTranslate (./Graphics/Rendering/Cairo/Internal/Region.chs:41)
    regionIntersect (./Graphics/Rendering/Cairo/Internal/Region.chs:42)
    regionIntersectRectangle (./Graphics/Rendering/Cairo/Internal/Region.chs:43)
    regionSubtract (./Graphics/Rendering/Cairo/Internal/Region.chs:44)
    regionSubtractRectangle (./Graphics/Rendering/Cairo/Internal/Region.chs:45)
    regionUnion (./Graphics/Rendering/Cairo/Internal/Region.chs:46)
    regionUnionRectangle (./Graphics/Rendering/Cairo/Internal/Region.chs:47)
    regionXor (./Graphics/Rendering/Cairo/Internal/Region.chs:48)
    regionXorRectangle (./Graphics/Rendering/Cairo/Internal/Region.chs:49)
    cairo_region_create_rectangles (./Graphics/Rendering/Cairo/Internal/Region.chs:52)
    regionCreate'_ (./Graphics/Rendering/Cairo/Internal/Region.chs:55)
    regionCreateRectangle'_ (./Graphics/Rendering/Cairo/Internal/Region.chs:58)
    regionCopy'_ (./Graphics/Rendering/Cairo/Internal/Region.chs:61)
    regionDestroy'_ (./Graphics/Rendering/Cairo/Internal/Region.chs:64)
    regionReference'_ (./Graphics/Rendering/Cairo/Internal/Region.chs:67)
    regionStatus'_ (./Graphics/Rendering/Cairo/Internal/Region.chs:70)
    regionGetExtents'_ (./Graphics/Rendering/Cairo/Internal/Region.chs:73)
    regionNumRectangles'_ (./Graphics/Rendering/Cairo/Internal/Region.chs:76)
    regionGetRectangle'_ (./Graphics/Rendering/Cairo/Internal/Region.chs:79)
    regionIsEmpty'_ (./Graphics/Rendering/Cairo/Internal/Region.chs:82)
    regionContainsPoint'_ (./Graphics/Rendering/Cairo/Internal/Region.chs:85)
    regionContainsRectangle'_ (./Graphics/Rendering/Cairo/Internal/Region.chs:88)
    regionEqual'_ (./Graphics/Rendering/Cairo/Internal/Region.chs:91)
    regionTranslate'_ (./Graphics/Rendering/Cairo/Internal/Region.chs:94)
    regionIntersect'_ (./Graphics/Rendering/Cairo/Internal/Region.chs:97)
    regionIntersectRectangle'_ (./Graphics/Rendering/Cairo/Internal/Region.chs:100)
    regionSubtract'_ (./Graphics/Rendering/Cairo/Internal/Region.chs:103)
    regionSubtractRectangle'_ (./Graphics/Rendering/Cairo/Internal/Region.chs:106)
    regionUnion'_ (./Graphics/Rendering/Cairo/Internal/Region.chs:109)
    regionUnionRectangle'_ (./Graphics/Rendering/Cairo/Internal/Region.chs:112)
    regionXor'_ (./Graphics/Rendering/Cairo/Internal/Region.chs:115)
    regionXorRectangle'_ (./Graphics/Rendering/Cairo/Internal/Region.chs:118)
    statusToString (./Graphics/Rendering/Cairo/Internal/Utilities.chs:33)
    version (./Graphics/Rendering/Cairo/Internal/Utilities.chs:34)
    versionString (./Graphics/Rendering/Cairo/Internal/Utilities.chs:35)
    CairoString (./Graphics/Rendering/Cairo/Internal/Utilities.chs:37)
     (./Graphics/Rendering/Cairo/Internal/Utilities.chs:40)
     (./Graphics/Rendering/Cairo/Internal/Utilities.chs:43)
    statusToString'_ (./Graphics/Rendering/Cairo/Internal/Utilities.chs:46)
    version'_ (./Graphics/Rendering/Cairo/Internal/Utilities.chs:49)
    versionString'_ (./Graphics/Rendering/Cairo/Internal/Utilities.chs:52)
  91% (187 /205) in 'Graphics.Rendering.Cairo'
  Missing documentation for:
    setMiterLimit (/var/folders/77/86xr40v14s3061gt8h8y_m6r0000gn/T/ghc68726_0/ghc_1.hscpp:846)
    fillExtents (/var/folders/77/86xr40v14s3061gt8h8y_m6r0000gn/T/ghc68726_0/ghc_1.hscpp:960)
    inFill (/var/folders/77/86xr40v14s3061gt8h8y_m6r0000gn/T/ghc68726_0/ghc_1.hscpp:965)
    strokeExtents (/var/folders/77/86xr40v14s3061gt8h8y_m6r0000gn/T/ghc68726_0/ghc_1.hscpp:1023)
    inStroke (/var/folders/77/86xr40v14s3061gt8h8y_m6r0000gn/T/ghc68726_0/ghc_1.hscpp:1028)
    copyPage (/var/folders/77/86xr40v14s3061gt8h8y_m6r0000gn/T/ghc68726_0/ghc_1.hscpp:1033)
    showPage (/var/folders/77/86xr40v14s3061gt8h8y_m6r0000gn/T/ghc68726_0/ghc_1.hscpp:1038)
    patternSetExtend (/var/folders/77/86xr40v14s3061gt8h8y_m6r0000gn/T/ghc68726_0/ghc_1.hscpp:1430)
    patternGetExtend (/var/folders/77/86xr40v14s3061gt8h8y_m6r0000gn/T/ghc68726_0/ghc_1.hscpp:1439)
    patternSetFilter (/var/folders/77/86xr40v14s3061gt8h8y_m6r0000gn/T/ghc68726_0/ghc_1.hscpp:1447)
    patternGetFilter (/var/folders/77/86xr40v14s3061gt8h8y_m6r0000gn/T/ghc68726_0/ghc_1.hscpp:1456)
    imageSurfaceCreateFromPNG (./Graphics/Rendering/Cairo/Internal/Surfaces/PNG.chs:26)
    CairoString (./Graphics/Rendering/Cairo/Internal/Utilities.chs:37)
    ScaledFont (./Graphics/Rendering/Cairo/Types.chs:168)
    FontFace (./Graphics/Rendering/Cairo/Types.chs:171)
    Glyph (./Graphics/Rendering/Cairo/Types.chs:174)
    Content (./Graphics/Rendering/Cairo/Types.chs:390)
    Format (./Graphics/Rendering/Cairo/Types.chs:393)
Warning: Graphics.Rendering.Cairo: could not find link destinations for:
    PixelData getNumElements unsafeNewArray_ unsafeRead unsafeWrite withUTFString
Documentation created: dist/dist-sandbox-65148ee2/doc/html/cairo/index.html
Creating package registration file:
/var/folders/77/86xr40v14s3061gt8h8y_m6r0000gn/T/pkgConf-cairo-0.13.42128236579784558821.2
Installing library in
/Users/alfonsobustamante/Documents/GitHub/gbacpFireflyProy/.cabal-sandbox/lib/x86_64-osx-ghc-8.0.2/cairo-0.13.4.2-Ke1AHaXvr7HDnCfCHsLuiR
Registering cairo-0.13.4.2...
cabal: Leaving directory '/var/folders/77/86xr40v14s3061gt8h8y_m6r0000gn/T/cabal-tmp-67354/cairo-0.13.4.2'
