cabal: Entering directory '/var/folders/77/86xr40v14s3061gt8h8y_m6r0000gn/T/cabal-tmp-67353/gio-0.13.4.1'
[1 of 1] Compiling Main             ( /var/folders/77/86xr40v14s3061gt8h8y_m6r0000gn/T/cabal-tmp-67353/gio-0.13.4.1/dist/dist-sandbox-65148ee2/setup/setup.hs, /var/folders/77/86xr40v14s3061gt8h8y_m6r0000gn/T/cabal-tmp-67353/gio-0.13.4.1/dist/dist-sandbox-65148ee2/setup/Main.o )
Linking /var/folders/77/86xr40v14s3061gt8h8y_m6r0000gn/T/cabal-tmp-67353/gio-0.13.4.1/dist/dist-sandbox-65148ee2/setup/setup ...
Configuring gio-0.13.4.1...
Building gio-0.13.4.1...
Preprocessing library gio-0.13.4.1...
[ 1 of 24] Compiling System.GIO.Types ( dist/dist-sandbox-65148ee2/build/System/GIO/Types.hs, dist/dist-sandbox-65148ee2/build/System/GIO/Types.o )
[ 2 of 24] Compiling System.GIO.Signals ( dist/dist-sandbox-65148ee2/build/System/GIO/Signals.hs, dist/dist-sandbox-65148ee2/build/System/GIO/Signals.o )
[ 3 of 24] Compiling System.GIO.Enums ( dist/dist-sandbox-65148ee2/build/System/GIO/Enums.hs, dist/dist-sandbox-65148ee2/build/System/GIO/Enums.o )
[ 4 of 24] Compiling System.GIO.File.AppInfo ( dist/dist-sandbox-65148ee2/build/System/GIO/File/AppInfo.hs, dist/dist-sandbox-65148ee2/build/System/GIO/File/AppInfo.o )
[ 5 of 24] Compiling System.GIO.File.ContentType ( dist/dist-sandbox-65148ee2/build/System/GIO/File/ContentType.hs, dist/dist-sandbox-65148ee2/build/System/GIO/File/ContentType.o )
[ 6 of 24] Compiling System.GIO.File.FileAttribute ( dist/dist-sandbox-65148ee2/build/System/GIO/File/FileAttribute.hs, dist/dist-sandbox-65148ee2/build/System/GIO/File/FileAttribute.o )
[ 7 of 24] Compiling System.GIO.File.FileInfo ( dist/dist-sandbox-65148ee2/build/System/GIO/File/FileInfo.hs, dist/dist-sandbox-65148ee2/build/System/GIO/File/FileInfo.o )
[ 8 of 24] Compiling System.GIO.File.FileMonitor ( dist/dist-sandbox-65148ee2/build/System/GIO/File/FileMonitor.hs, dist/dist-sandbox-65148ee2/build/System/GIO/File/FileMonitor.o )
[ 9 of 24] Compiling System.GIO.File.IOError ( dist/dist-sandbox-65148ee2/build/System/GIO/File/IOError.hs, dist/dist-sandbox-65148ee2/build/System/GIO/File/IOError.o )
[10 of 24] Compiling System.GIO.File.MountOperation ( dist/dist-sandbox-65148ee2/build/System/GIO/File/MountOperation.hs, dist/dist-sandbox-65148ee2/build/System/GIO/File/MountOperation.o )
[11 of 24] Compiling System.GIO.Icons.Emblem ( dist/dist-sandbox-65148ee2/build/System/GIO/Icons/Emblem.hs, dist/dist-sandbox-65148ee2/build/System/GIO/Icons/Emblem.o )
[12 of 24] Compiling System.GIO.Icons.EmblemedIcon ( dist/dist-sandbox-65148ee2/build/System/GIO/Icons/EmblemedIcon.hs, dist/dist-sandbox-65148ee2/build/System/GIO/Icons/EmblemedIcon.o )
[13 of 24] Compiling System.GIO.Icons.FileIcon ( dist/dist-sandbox-65148ee2/build/System/GIO/Icons/FileIcon.hs, dist/dist-sandbox-65148ee2/build/System/GIO/Icons/FileIcon.o )
[14 of 24] Compiling System.GIO.Icons.Icon ( dist/dist-sandbox-65148ee2/build/System/GIO/Icons/Icon.hs, dist/dist-sandbox-65148ee2/build/System/GIO/Icons/Icon.o )
[15 of 24] Compiling System.GIO.Icons.ThemedIcon ( dist/dist-sandbox-65148ee2/build/System/GIO/Icons/ThemedIcon.hs, dist/dist-sandbox-65148ee2/build/System/GIO/Icons/ThemedIcon.o )
[16 of 24] Compiling System.GIO.Volumes.VolumeMonitor ( dist/dist-sandbox-65148ee2/build/System/GIO/Volumes/VolumeMonitor.hs, dist/dist-sandbox-65148ee2/build/System/GIO/Volumes/VolumeMonitor.o )
[17 of 24] Compiling System.GIO.Async.Cancellable ( dist/dist-sandbox-65148ee2/build/System/GIO/Async/Cancellable.hs, dist/dist-sandbox-65148ee2/build/System/GIO/Async/Cancellable.o )
[18 of 24] Compiling System.GIO.Async.AsyncResult ( dist/dist-sandbox-65148ee2/build/System/GIO/Async/AsyncResult.hs, dist/dist-sandbox-65148ee2/build/System/GIO/Async/AsyncResult.o )
[19 of 24] Compiling System.GIO.File.File ( dist/dist-sandbox-65148ee2/build/System/GIO/File/File.hs, dist/dist-sandbox-65148ee2/build/System/GIO/File/File.o )
[20 of 24] Compiling System.GIO.File.FileEnumerator ( dist/dist-sandbox-65148ee2/build/System/GIO/File/FileEnumerator.hs, dist/dist-sandbox-65148ee2/build/System/GIO/File/FileEnumerator.o )
[21 of 24] Compiling System.GIO.Volumes.Drive ( dist/dist-sandbox-65148ee2/build/System/GIO/Volumes/Drive.hs, dist/dist-sandbox-65148ee2/build/System/GIO/Volumes/Drive.o )
[22 of 24] Compiling System.GIO.Volumes.Mount ( dist/dist-sandbox-65148ee2/build/System/GIO/Volumes/Mount.hs, dist/dist-sandbox-65148ee2/build/System/GIO/Volumes/Mount.o )
[23 of 24] Compiling System.GIO.Volumes.Volume ( dist/dist-sandbox-65148ee2/build/System/GIO/Volumes/Volume.hs, dist/dist-sandbox-65148ee2/build/System/GIO/Volumes/Volume.o )
[24 of 24] Compiling System.GIO       ( System/GIO.hs, dist/dist-sandbox-65148ee2/build/System/GIO.o )
[ 1 of 24] Compiling System.GIO.Types ( dist/dist-sandbox-65148ee2/build/System/GIO/Types.hs, dist/dist-sandbox-65148ee2/build/System/GIO/Types.p_o )
[ 2 of 24] Compiling System.GIO.Signals ( dist/dist-sandbox-65148ee2/build/System/GIO/Signals.hs, dist/dist-sandbox-65148ee2/build/System/GIO/Signals.p_o )
[ 3 of 24] Compiling System.GIO.Enums ( dist/dist-sandbox-65148ee2/build/System/GIO/Enums.hs, dist/dist-sandbox-65148ee2/build/System/GIO/Enums.p_o )
[ 4 of 24] Compiling System.GIO.File.AppInfo ( dist/dist-sandbox-65148ee2/build/System/GIO/File/AppInfo.hs, dist/dist-sandbox-65148ee2/build/System/GIO/File/AppInfo.p_o )
[ 5 of 24] Compiling System.GIO.File.ContentType ( dist/dist-sandbox-65148ee2/build/System/GIO/File/ContentType.hs, dist/dist-sandbox-65148ee2/build/System/GIO/File/ContentType.p_o )
[ 6 of 24] Compiling System.GIO.File.FileAttribute ( dist/dist-sandbox-65148ee2/build/System/GIO/File/FileAttribute.hs, dist/dist-sandbox-65148ee2/build/System/GIO/File/FileAttribute.p_o )
[ 7 of 24] Compiling System.GIO.File.FileInfo ( dist/dist-sandbox-65148ee2/build/System/GIO/File/FileInfo.hs, dist/dist-sandbox-65148ee2/build/System/GIO/File/FileInfo.p_o )
[ 8 of 24] Compiling System.GIO.File.FileMonitor ( dist/dist-sandbox-65148ee2/build/System/GIO/File/FileMonitor.hs, dist/dist-sandbox-65148ee2/build/System/GIO/File/FileMonitor.p_o )
[ 9 of 24] Compiling System.GIO.File.IOError ( dist/dist-sandbox-65148ee2/build/System/GIO/File/IOError.hs, dist/dist-sandbox-65148ee2/build/System/GIO/File/IOError.p_o )
[10 of 24] Compiling System.GIO.File.MountOperation ( dist/dist-sandbox-65148ee2/build/System/GIO/File/MountOperation.hs, dist/dist-sandbox-65148ee2/build/System/GIO/File/MountOperation.p_o )
[11 of 24] Compiling System.GIO.Icons.Emblem ( dist/dist-sandbox-65148ee2/build/System/GIO/Icons/Emblem.hs, dist/dist-sandbox-65148ee2/build/System/GIO/Icons/Emblem.p_o )
[12 of 24] Compiling System.GIO.Icons.EmblemedIcon ( dist/dist-sandbox-65148ee2/build/System/GIO/Icons/EmblemedIcon.hs, dist/dist-sandbox-65148ee2/build/System/GIO/Icons/EmblemedIcon.p_o )
[13 of 24] Compiling System.GIO.Icons.FileIcon ( dist/dist-sandbox-65148ee2/build/System/GIO/Icons/FileIcon.hs, dist/dist-sandbox-65148ee2/build/System/GIO/Icons/FileIcon.p_o )
[14 of 24] Compiling System.GIO.Icons.Icon ( dist/dist-sandbox-65148ee2/build/System/GIO/Icons/Icon.hs, dist/dist-sandbox-65148ee2/build/System/GIO/Icons/Icon.p_o )
[15 of 24] Compiling System.GIO.Icons.ThemedIcon ( dist/dist-sandbox-65148ee2/build/System/GIO/Icons/ThemedIcon.hs, dist/dist-sandbox-65148ee2/build/System/GIO/Icons/ThemedIcon.p_o )
[16 of 24] Compiling System.GIO.Volumes.VolumeMonitor ( dist/dist-sandbox-65148ee2/build/System/GIO/Volumes/VolumeMonitor.hs, dist/dist-sandbox-65148ee2/build/System/GIO/Volumes/VolumeMonitor.p_o )
[17 of 24] Compiling System.GIO.Async.Cancellable ( dist/dist-sandbox-65148ee2/build/System/GIO/Async/Cancellable.hs, dist/dist-sandbox-65148ee2/build/System/GIO/Async/Cancellable.p_o )
[18 of 24] Compiling System.GIO.Async.AsyncResult ( dist/dist-sandbox-65148ee2/build/System/GIO/Async/AsyncResult.hs, dist/dist-sandbox-65148ee2/build/System/GIO/Async/AsyncResult.p_o )
[19 of 24] Compiling System.GIO.File.File ( dist/dist-sandbox-65148ee2/build/System/GIO/File/File.hs, dist/dist-sandbox-65148ee2/build/System/GIO/File/File.p_o )
[20 of 24] Compiling System.GIO.File.FileEnumerator ( dist/dist-sandbox-65148ee2/build/System/GIO/File/FileEnumerator.hs, dist/dist-sandbox-65148ee2/build/System/GIO/File/FileEnumerator.p_o )
[21 of 24] Compiling System.GIO.Volumes.Drive ( dist/dist-sandbox-65148ee2/build/System/GIO/Volumes/Drive.hs, dist/dist-sandbox-65148ee2/build/System/GIO/Volumes/Drive.p_o )
[22 of 24] Compiling System.GIO.Volumes.Mount ( dist/dist-sandbox-65148ee2/build/System/GIO/Volumes/Mount.hs, dist/dist-sandbox-65148ee2/build/System/GIO/Volumes/Mount.p_o )
[23 of 24] Compiling System.GIO.Volumes.Volume ( dist/dist-sandbox-65148ee2/build/System/GIO/Volumes/Volume.hs, dist/dist-sandbox-65148ee2/build/System/GIO/Volumes/Volume.p_o )
[24 of 24] Compiling System.GIO       ( System/GIO.hs, dist/dist-sandbox-65148ee2/build/System/GIO.p_o )
Running Haddock for gio-0.13.4.1...
Preprocessing library gio-0.13.4.1...
Haddock coverage:
   0% (  1 /246) in 'System.GIO.Types'
  Missing documentation for:
    OutputStream (./System/GIO/Types.chs:210)
    OutputStreamClass (./System/GIO/Types.chs:215)
    toOutputStream (./System/GIO/Types.chs:216)
    mkOutputStream (./System/GIO/Types.chs:212)
    unOutputStream (./System/GIO/Types.chs:213)
    castToOutputStream (./System/GIO/Types.chs:224)
    gTypeOutputStream (./System/GIO/Types.chs:227)
    FilterOutputStream (./System/GIO/Types.chs:233)
    FilterOutputStreamClass (./System/GIO/Types.chs:238)
    toFilterOutputStream (./System/GIO/Types.chs:239)
    mkFilterOutputStream (./System/GIO/Types.chs:235)
    unFilterOutputStream (./System/GIO/Types.chs:236)
    castToFilterOutputStream (./System/GIO/Types.chs:248)
    gTypeFilterOutputStream (./System/GIO/Types.chs:251)
    DataOutputStream (./System/GIO/Types.chs:257)
    DataOutputStreamClass (./System/GIO/Types.chs:262)
    toDataOutputStream (./System/GIO/Types.chs:263)
    mkDataOutputStream (./System/GIO/Types.chs:259)
    unDataOutputStream (./System/GIO/Types.chs:260)
    castToDataOutputStream (./System/GIO/Types.chs:273)
    gTypeDataOutputStream (./System/GIO/Types.chs:276)
    BufferedOutputStream (./System/GIO/Types.chs:282)
    BufferedOutputStreamClass (./System/GIO/Types.chs:287)
    toBufferedOutputStream (./System/GIO/Types.chs:288)
    mkBufferedOutputStream (./System/GIO/Types.chs:284)
    unBufferedOutputStream (./System/GIO/Types.chs:285)
    castToBufferedOutputStream (./System/GIO/Types.chs:298)
    gTypeBufferedOutputStream (./System/GIO/Types.chs:301)
    FileOutputStream (./System/GIO/Types.chs:307)
    FileOutputStreamClass (./System/GIO/Types.chs:312)
    toFileOutputStream (./System/GIO/Types.chs:313)
    mkFileOutputStream (./System/GIO/Types.chs:309)
    unFileOutputStream (./System/GIO/Types.chs:310)
    castToFileOutputStream (./System/GIO/Types.chs:322)
    gTypeFileOutputStream (./System/GIO/Types.chs:325)
    MemoryOutputStream (./System/GIO/Types.chs:331)
    MemoryOutputStreamClass (./System/GIO/Types.chs:336)
    toMemoryOutputStream (./System/GIO/Types.chs:337)
    mkMemoryOutputStream (./System/GIO/Types.chs:333)
    unMemoryOutputStream (./System/GIO/Types.chs:334)
    castToMemoryOutputStream (./System/GIO/Types.chs:346)
    gTypeMemoryOutputStream (./System/GIO/Types.chs:349)
    InputStream (./System/GIO/Types.chs:355)
    InputStreamClass (./System/GIO/Types.chs:360)
    toInputStream (./System/GIO/Types.chs:361)
    mkInputStream (./System/GIO/Types.chs:357)
    unInputStream (./System/GIO/Types.chs:358)
    castToInputStream (./System/GIO/Types.chs:369)
    gTypeInputStream (./System/GIO/Types.chs:372)
    MemoryInputStream (./System/GIO/Types.chs:378)
    MemoryInputStreamClass (./System/GIO/Types.chs:383)
    toMemoryInputStream (./System/GIO/Types.chs:384)
    mkMemoryInputStream (./System/GIO/Types.chs:380)
    unMemoryInputStream (./System/GIO/Types.chs:381)
    castToMemoryInputStream (./System/GIO/Types.chs:393)
    gTypeMemoryInputStream (./System/GIO/Types.chs:396)
    FilterInputStream (./System/GIO/Types.chs:402)
    FilterInputStreamClass (./System/GIO/Types.chs:407)
    toFilterInputStream (./System/GIO/Types.chs:408)
    mkFilterInputStream (./System/GIO/Types.chs:404)
    unFilterInputStream (./System/GIO/Types.chs:405)
    castToFilterInputStream (./System/GIO/Types.chs:417)
    gTypeFilterInputStream (./System/GIO/Types.chs:420)
    BufferedInputStream (./System/GIO/Types.chs:426)
    BufferedInputStreamClass (./System/GIO/Types.chs:431)
    toBufferedInputStream (./System/GIO/Types.chs:432)
    mkBufferedInputStream (./System/GIO/Types.chs:428)
    unBufferedInputStream (./System/GIO/Types.chs:429)
    castToBufferedInputStream (./System/GIO/Types.chs:442)
    gTypeBufferedInputStream (./System/GIO/Types.chs:445)
    DataInputStream (./System/GIO/Types.chs:451)
    DataInputStreamClass (./System/GIO/Types.chs:456)
    toDataInputStream (./System/GIO/Types.chs:457)
    mkDataInputStream (./System/GIO/Types.chs:453)
    unDataInputStream (./System/GIO/Types.chs:454)
    castToDataInputStream (./System/GIO/Types.chs:468)
    gTypeDataInputStream (./System/GIO/Types.chs:471)
    FileInputStream (./System/GIO/Types.chs:477)
    FileInputStreamClass (./System/GIO/Types.chs:482)
    toFileInputStream (./System/GIO/Types.chs:483)
    mkFileInputStream (./System/GIO/Types.chs:479)
    unFileInputStream (./System/GIO/Types.chs:480)
    castToFileInputStream (./System/GIO/Types.chs:492)
    gTypeFileInputStream (./System/GIO/Types.chs:495)
    FileMonitor (./System/GIO/Types.chs:501)
    FileMonitorClass (./System/GIO/Types.chs:506)
    toFileMonitor (./System/GIO/Types.chs:507)
    mkFileMonitor (./System/GIO/Types.chs:503)
    unFileMonitor (./System/GIO/Types.chs:504)
    castToFileMonitor (./System/GIO/Types.chs:515)
    gTypeFileMonitor (./System/GIO/Types.chs:518)
    Vfs (./System/GIO/Types.chs:524)
    VfsClass (./System/GIO/Types.chs:529)
    toVfs (./System/GIO/Types.chs:530)
    mkVfs (./System/GIO/Types.chs:526)
    unVfs (./System/GIO/Types.chs:527)
    castToVfs (./System/GIO/Types.chs:538)
    gTypeVfs (./System/GIO/Types.chs:541)
    MountOperation (./System/GIO/Types.chs:547)
    MountOperationClass (./System/GIO/Types.chs:552)
    toMountOperation (./System/GIO/Types.chs:553)
    mkMountOperation (./System/GIO/Types.chs:549)
    unMountOperation (./System/GIO/Types.chs:550)
    castToMountOperation (./System/GIO/Types.chs:561)
    gTypeMountOperation (./System/GIO/Types.chs:564)
    ThemedIcon (./System/GIO/Types.chs:570)
    ThemedIconClass (./System/GIO/Types.chs:575)
    toThemedIcon (./System/GIO/Types.chs:576)
    mkThemedIcon (./System/GIO/Types.chs:572)
    unThemedIcon (./System/GIO/Types.chs:573)
    castToThemedIcon (./System/GIO/Types.chs:584)
    gTypeThemedIcon (./System/GIO/Types.chs:587)
    Emblem (./System/GIO/Types.chs:593)
    EmblemClass (./System/GIO/Types.chs:598)
    toEmblem (./System/GIO/Types.chs:599)
    mkEmblem (./System/GIO/Types.chs:595)
    unEmblem (./System/GIO/Types.chs:596)
    castToEmblem (./System/GIO/Types.chs:607)
    gTypeEmblem (./System/GIO/Types.chs:610)
    EmblemedIcon (./System/GIO/Types.chs:616)
    EmblemedIconClass (./System/GIO/Types.chs:621)
    toEmblemedIcon (./System/GIO/Types.chs:622)
    mkEmblemedIcon (./System/GIO/Types.chs:618)
    unEmblemedIcon (./System/GIO/Types.chs:619)
    castToEmblemedIcon (./System/GIO/Types.chs:630)
    gTypeEmblemedIcon (./System/GIO/Types.chs:633)
    FileEnumerator (./System/GIO/Types.chs:639)
    FileEnumeratorClass (./System/GIO/Types.chs:644)
    toFileEnumerator (./System/GIO/Types.chs:645)
    mkFileEnumerator (./System/GIO/Types.chs:641)
    unFileEnumerator (./System/GIO/Types.chs:642)
    castToFileEnumerator (./System/GIO/Types.chs:653)
    gTypeFileEnumerator (./System/GIO/Types.chs:656)
    FilenameCompleter (./System/GIO/Types.chs:662)
    FilenameCompleterClass (./System/GIO/Types.chs:667)
    toFilenameCompleter (./System/GIO/Types.chs:668)
    mkFilenameCompleter (./System/GIO/Types.chs:664)
    unFilenameCompleter (./System/GIO/Types.chs:665)
    castToFilenameCompleter (./System/GIO/Types.chs:676)
    gTypeFilenameCompleter (./System/GIO/Types.chs:679)
    FileIcon (./System/GIO/Types.chs:685)
    FileIconClass (./System/GIO/Types.chs:690)
    toFileIcon (./System/GIO/Types.chs:691)
    mkFileIcon (./System/GIO/Types.chs:687)
    unFileIcon (./System/GIO/Types.chs:688)
    castToFileIcon (./System/GIO/Types.chs:699)
    gTypeFileIcon (./System/GIO/Types.chs:702)
    VolumeMonitor (./System/GIO/Types.chs:708)
    VolumeMonitorClass (./System/GIO/Types.chs:713)
    toVolumeMonitor (./System/GIO/Types.chs:714)
    mkVolumeMonitor (./System/GIO/Types.chs:710)
    unVolumeMonitor (./System/GIO/Types.chs:711)
    castToVolumeMonitor (./System/GIO/Types.chs:722)
    gTypeVolumeMonitor (./System/GIO/Types.chs:725)
    Cancellable (./System/GIO/Types.chs:731)
    CancellableClass (./System/GIO/Types.chs:736)
    toCancellable (./System/GIO/Types.chs:737)
    mkCancellable (./System/GIO/Types.chs:733)
    unCancellable (./System/GIO/Types.chs:734)
    castToCancellable (./System/GIO/Types.chs:745)
    gTypeCancellable (./System/GIO/Types.chs:748)
    SimpleAsyncResult (./System/GIO/Types.chs:754)
    SimpleAsyncResultClass (./System/GIO/Types.chs:759)
    toSimpleAsyncResult (./System/GIO/Types.chs:760)
    mkSimpleAsyncResult (./System/GIO/Types.chs:756)
    unSimpleAsyncResult (./System/GIO/Types.chs:757)
    castToSimpleAsyncResult (./System/GIO/Types.chs:768)
    gTypeSimpleAsyncResult (./System/GIO/Types.chs:771)
    FileInfo (./System/GIO/Types.chs:777)
    FileInfoClass (./System/GIO/Types.chs:782)
    toFileInfo (./System/GIO/Types.chs:783)
    mkFileInfo (./System/GIO/Types.chs:779)
    unFileInfo (./System/GIO/Types.chs:780)
    castToFileInfo (./System/GIO/Types.chs:791)
    gTypeFileInfo (./System/GIO/Types.chs:794)
    AppLaunchContext (./System/GIO/Types.chs:800)
    AppLaunchContextClass (./System/GIO/Types.chs:805)
    toAppLaunchContext (./System/GIO/Types.chs:806)
    mkAppLaunchContext (./System/GIO/Types.chs:802)
    unAppLaunchContext (./System/GIO/Types.chs:803)
    castToAppLaunchContext (./System/GIO/Types.chs:815)
    gTypeAppLaunchContext (./System/GIO/Types.chs:818)
    Icon (./System/GIO/Types.chs:824)
    IconClass (./System/GIO/Types.chs:829)
    toIcon (./System/GIO/Types.chs:830)
    mkIcon (./System/GIO/Types.chs:826)
    unIcon (./System/GIO/Types.chs:827)
    castToIcon (./System/GIO/Types.chs:838)
    gTypeIcon (./System/GIO/Types.chs:841)
    Seekable (./System/GIO/Types.chs:847)
    SeekableClass (./System/GIO/Types.chs:852)
    toSeekable (./System/GIO/Types.chs:853)
    mkSeekable (./System/GIO/Types.chs:849)
    unSeekable (./System/GIO/Types.chs:850)
    castToSeekable (./System/GIO/Types.chs:861)
    gTypeSeekable (./System/GIO/Types.chs:864)
    AppInfo (./System/GIO/Types.chs:870)
    AppInfoClass (./System/GIO/Types.chs:875)
    toAppInfo (./System/GIO/Types.chs:876)
    mkAppInfo (./System/GIO/Types.chs:872)
    unAppInfo (./System/GIO/Types.chs:873)
    castToAppInfo (./System/GIO/Types.chs:884)
    gTypeAppInfo (./System/GIO/Types.chs:887)
    Volume (./System/GIO/Types.chs:893)
    VolumeClass (./System/GIO/Types.chs:898)
    toVolume (./System/GIO/Types.chs:899)
    mkVolume (./System/GIO/Types.chs:895)
    unVolume (./System/GIO/Types.chs:896)
    castToVolume (./System/GIO/Types.chs:907)
    gTypeVolume (./System/GIO/Types.chs:910)
    AsyncResult (./System/GIO/Types.chs:916)
    AsyncResultClass (./System/GIO/Types.chs:921)
    toAsyncResult (./System/GIO/Types.chs:922)
    mkAsyncResult (./System/GIO/Types.chs:918)
    unAsyncResult (./System/GIO/Types.chs:919)
    castToAsyncResult (./System/GIO/Types.chs:930)
    gTypeAsyncResult (./System/GIO/Types.chs:933)
    LoadableIcon (./System/GIO/Types.chs:939)
    LoadableIconClass (./System/GIO/Types.chs:944)
    toLoadableIcon (./System/GIO/Types.chs:945)
    mkLoadableIcon (./System/GIO/Types.chs:941)
    unLoadableIcon (./System/GIO/Types.chs:942)
    castToLoadableIcon (./System/GIO/Types.chs:953)
    gTypeLoadableIcon (./System/GIO/Types.chs:956)
    Drive (./System/GIO/Types.chs:962)
    DriveClass (./System/GIO/Types.chs:967)
    toDrive (./System/GIO/Types.chs:968)
    mkDrive (./System/GIO/Types.chs:964)
    unDrive (./System/GIO/Types.chs:965)
    castToDrive (./System/GIO/Types.chs:976)
    gTypeDrive (./System/GIO/Types.chs:979)
    File (./System/GIO/Types.chs:985)
    FileClass (./System/GIO/Types.chs:990)
    toFile (./System/GIO/Types.chs:991)
    mkFile (./System/GIO/Types.chs:987)
    unFile (./System/GIO/Types.chs:988)
    castToFile (./System/GIO/Types.chs:999)
    gTypeFile (./System/GIO/Types.chs:1002)
    Mount (./System/GIO/Types.chs:1008)
    MountClass (./System/GIO/Types.chs:1013)
    toMount (./System/GIO/Types.chs:1014)
    mkMount (./System/GIO/Types.chs:1010)
    unMount (./System/GIO/Types.chs:1011)
    castToMount (./System/GIO/Types.chs:1022)
    gTypeMount (./System/GIO/Types.chs:1025)
  12% (  1 /  8) in 'System.GIO.Signals'
  Missing documentation for:
    Module header
    connect_NONE__NONE (./System/GIO/Signals.chs:70)
    connect_GLIBSTRING_GLIBSTRING_GLIBSTRING_ENUM__NONE (./System/GIO/Signals.chs:82)
    connect_OBJECT_OBJECT_ENUM__NONE (./System/GIO/Signals.chs:97)
    connect_ENUM__NONE (./System/GIO/Signals.chs:111)
    connect_OBJECT__NONE (./System/GIO/Signals.chs:123)
    connect_MOBJECT_MOBJECT_ENUM__NONE (./System/GIO/Signals.chs:136)
  81% ( 17 / 21) in 'System.GIO.Enums'
  Missing documentation for:
    FileCreateFlags (./System/GIO/Enums.chs:78)
    FilesystemPreviewType (./System/GIO/Enums.chs:91)
    AskPasswordFlags (./System/GIO/Enums.chs:105)
    MountOperationResult (./System/GIO/Enums.chs:113)
  91% ( 39 / 43) in 'System.GIO.File.AppInfo'
  Missing documentation for:
    AppInfo (./System/GIO/Types.chs:870)
    AppInfoClass (./System/GIO/Types.chs:875)
    AppLaunchContext (./System/GIO/Types.chs:800)
    AppLaunchContextClass (./System/GIO/Types.chs:805)
 100% ( 15 / 15) in 'System.GIO.File.ContentType'
   8% (  7 / 83) in 'System.GIO.File.FileAttribute'
  Missing documentation for:
    FileAttributeType (System/GIO/File/FileAttribute.hsc:155)
    FileAttributeInfo (System/GIO/File/FileAttribute.hsc:195)
    fileAttributeStandardType (System/GIO/File/FileAttribute.hsc:216)
    fileAttributeStandardIsHidden (System/GIO/File/FileAttribute.hsc:216)
    fileAttributeStandardIsBackup (System/GIO/File/FileAttribute.hsc:216)
    fileAttributeStandardIsSymlink (System/GIO/File/FileAttribute.hsc:216)
    fileAttributeStandardIsVirtual (System/GIO/File/FileAttribute.hsc:216)
    fileAttributeStandardName (System/GIO/File/FileAttribute.hsc:216)
    fileAttributeStandardDisplayName (System/GIO/File/FileAttribute.hsc:216)
    fileAttributeStandardEditName (System/GIO/File/FileAttribute.hsc:216)
    fileAttributeStandardCopyName (System/GIO/File/FileAttribute.hsc:216)
    fileAttributeStandardIcon (System/GIO/File/FileAttribute.hsc:216)
    fileAttributeStandardContentType (System/GIO/File/FileAttribute.hsc:216)
    fileAttributeStandardFastContentType (System/GIO/File/FileAttribute.hsc:216)
    fileAttributeStandardSize (System/GIO/File/FileAttribute.hsc:216)
    fileAttributeStandardAllocatedSize (System/GIO/File/FileAttribute.hsc:216)
    fileAttributeStandardSymlinkTarget (System/GIO/File/FileAttribute.hsc:216)
    fileAttributeStandardTargetURI (System/GIO/File/FileAttribute.hsc:216)
    fileAttributeStandardSortOrder (System/GIO/File/FileAttribute.hsc:216)
    fileAttributeEtagValue (System/GIO/File/FileAttribute.hsc:216)
    fileAttributeIDFile (System/GIO/File/FileAttribute.hsc:216)
    fileAttributeIDFilesystem (System/GIO/File/FileAttribute.hsc:216)
    fileAttributeAccessCanRead (System/GIO/File/FileAttribute.hsc:216)
    fileAttributeAccessCanWrite (System/GIO/File/FileAttribute.hsc:216)
    fileAttributeAccessCanExecute (System/GIO/File/FileAttribute.hsc:216)
    fileAttributeAccessCanDelete (System/GIO/File/FileAttribute.hsc:216)
    fileAttributeAccessCanTrash (System/GIO/File/FileAttribute.hsc:216)
    fileAttributeAccessCanRename (System/GIO/File/FileAttribute.hsc:216)
    fileAttributeMountableCanMount (System/GIO/File/FileAttribute.hsc:216)
    fileAttributeMountableCanUnmount (System/GIO/File/FileAttribute.hsc:216)
    fileAttributeMountableCanEject (System/GIO/File/FileAttribute.hsc:216)
    fileAttributeMountableUnixDevice (System/GIO/File/FileAttribute.hsc:216)
    fileAttributeMountableUnixDeviceFile (System/GIO/File/FileAttribute.hsc:216)
    fileAttributeMountableCanStart (System/GIO/File/FileAttribute.hsc:216)
    fileAttributeMountableCanDegraded (System/GIO/File/FileAttribute.hsc:216)
    fileAttributeMountableCanStop (System/GIO/File/FileAttribute.hsc:216)
    fileAttributeMountableStartStopType (System/GIO/File/FileAttribute.hsc:216)
    fileAttributeMountableCanPoll (System/GIO/File/FileAttribute.hsc:216)
    fileAttributeMountableHalUDI (System/GIO/File/FileAttribute.hsc:216)
    fileAttributeTimeModified (System/GIO/File/FileAttribute.hsc:216)
    fileAttributeTimeModifiedUSec (System/GIO/File/FileAttribute.hsc:216)
    fileAttributeTimeAccess (System/GIO/File/FileAttribute.hsc:216)
    fileAttributeTimeAccessUSec (System/GIO/File/FileAttribute.hsc:216)
    fileAttributeTimeChanged (System/GIO/File/FileAttribute.hsc:216)
    fileAttributeTimeChangedUSec (System/GIO/File/FileAttribute.hsc:216)
    fileAttributeTimeCreated (System/GIO/File/FileAttribute.hsc:216)
    fileAttributeTimeCreatedUSec (System/GIO/File/FileAttribute.hsc:216)
    fileAttributeUnixDevice (System/GIO/File/FileAttribute.hsc:216)
    fileAttributeUnixInode (System/GIO/File/FileAttribute.hsc:216)
    fileAttributeUnixMode (System/GIO/File/FileAttribute.hsc:216)
    fileAttributeUnixNLink (System/GIO/File/FileAttribute.hsc:216)
    fileAttributeUnixUID (System/GIO/File/FileAttribute.hsc:216)
    fileAttributeUnixGID (System/GIO/File/FileAttribute.hsc:216)
    fileAttributeUnixRDev (System/GIO/File/FileAttribute.hsc:216)
    fileAttributeUnixBlockSize (System/GIO/File/FileAttribute.hsc:216)
    fileAttributeUnixBlocks (System/GIO/File/FileAttribute.hsc:216)
    fileAttributeDosIsMountpoint (System/GIO/File/FileAttribute.hsc:216)
    fileAttributeDosIsArchive (System/GIO/File/FileAttribute.hsc:216)
    fileAttributeDosIsSystem (System/GIO/File/FileAttribute.hsc:216)
    fileAttributeOwnerUser (System/GIO/File/FileAttribute.hsc:216)
    fileAttributeOwnerUserReal (System/GIO/File/FileAttribute.hsc:216)
    fileAttributeOwnerGroup (System/GIO/File/FileAttribute.hsc:216)
    fileAttributeThumbnailPath (System/GIO/File/FileAttribute.hsc:216)
    fileAttributeThumbnailingFailed (System/GIO/File/FileAttribute.hsc:216)
    fileAttributePreviewIcon (System/GIO/File/FileAttribute.hsc:216)
    fileAttributeFilesystemSize (System/GIO/File/FileAttribute.hsc:216)
    fileAttributeFilesystemFree (System/GIO/File/FileAttribute.hsc:216)
    fileAttributeFilesystemType (System/GIO/File/FileAttribute.hsc:216)
    fileAttributeFilesystemReadonly (System/GIO/File/FileAttribute.hsc:216)
    fileAttributeGVfsBackend (System/GIO/File/FileAttribute.hsc:216)
    fileAttributeSELinuxContext (System/GIO/File/FileAttribute.hsc:216)
    fileAttributeTrashItemCount (System/GIO/File/FileAttribute.hsc:216)
    fileAttributeFilesystemUsePreview (System/GIO/File/FileAttribute.hsc:216)
    fileAttributeStandardDescription (System/GIO/File/FileAttribute.hsc:216)
    fileAttributeTrashOrigPath (System/GIO/File/FileAttribute.hsc:216)
    fileAttributeTrashDeletionDate (System/GIO/File/FileAttribute.hsc:216)
  97% ( 63 / 65) in 'System.GIO.File.FileInfo'
  Missing documentation for:
    FileInfo (./System/GIO/Types.chs:777)
    FileInfoClass (./System/GIO/Types.chs:782)
  81% ( 13 / 16) in 'System.GIO.File.FileMonitor'
  Missing documentation for:
    FileMonitor (./System/GIO/Types.chs:501)
    FileMonitorClass (./System/GIO/Types.chs:506)
    fileMonitorChanged (./System/GIO/File/FileMonitor.chs:107)
 100% (  7 /  7) in 'System.GIO.File.IOError'
  83% ( 20 / 24) in 'System.GIO.File.MountOperation'
  Missing documentation for:
    MountOperation (./System/GIO/Types.chs:547)
    MountOperationClass (./System/GIO/Types.chs:552)
    MountOperationResult (./System/GIO/Enums.chs:113)
    AskPasswordFlags (./System/GIO/Enums.chs:105)
  85% ( 11 / 13) in 'System.GIO.Icons.Emblem'
  Missing documentation for:
    Emblem (./System/GIO/Types.chs:593)
    EmblemClass (./System/GIO/Types.chs:598)
  82% (  9 / 11) in 'System.GIO.Icons.EmblemedIcon'
  Missing documentation for:
    EmblemedIcon (./System/GIO/Types.chs:616)
    EmblemedIconClass (./System/GIO/Types.chs:621)
  78% (  7 /  9) in 'System.GIO.Icons.FileIcon'
  Missing documentation for:
    FileIcon (./System/GIO/Types.chs:685)
    FileIconClass (./System/GIO/Types.chs:690)
  80% (  8 / 10) in 'System.GIO.Icons.Icon'
  Missing documentation for:
    Icon (./System/GIO/Types.chs:824)
    IconClass (./System/GIO/Types.chs:829)
  83% ( 10 / 12) in 'System.GIO.Icons.ThemedIcon'
  Missing documentation for:
    ThemedIcon (./System/GIO/Types.chs:570)
    ThemedIconClass (./System/GIO/Types.chs:575)
  92% ( 24 / 26) in 'System.GIO.Volumes.VolumeMonitor'
  Missing documentation for:
    VolumeMonitor (./System/GIO/Types.chs:708)
    VolumeMonitorClass (./System/GIO/Types.chs:713)
  88% ( 15 / 17) in 'System.GIO.Async.Cancellable'
  Missing documentation for:
    Cancellable (./System/GIO/Types.chs:731)
    CancellableClass (./System/GIO/Types.chs:736)
  43% (  3 /  7) in 'System.GIO.Async.AsyncResult'
  Missing documentation for:
    AsyncResult (./System/GIO/Types.chs:916)
    AsyncResultClass (./System/GIO/Types.chs:921)
    AsyncReadyCallback (./System/GIO/Async/AsyncResult.chs:45)
    marshalAsyncReadyCallback (./System/GIO/Async/AsyncResult.chs:52)
  77% ( 99 /129) in 'System.GIO.File.File'
  Missing documentation for:
    File (./System/GIO/Types.chs:985)
    FileClass (./System/GIO/Types.chs:990)
    FileProgressCallback (./System/GIO/File/File.chs:255)
    FileReadMoreCallback (./System/GIO/File/File.chs:267)
    Offset (./System/GIO/File/File.chs:251)
    FileInputStream (./System/GIO/Types.chs:477)
    FileInputStreamClass (./System/GIO/Types.chs:482)
    FileOutputStream (./System/GIO/Types.chs:307)
    FileOutputStreamClass (./System/GIO/Types.chs:312)
    InputStream (./System/GIO/Types.chs:355)
    InputStreamClass (./System/GIO/Types.chs:360)
    OutputStream (./System/GIO/Types.chs:210)
    OutputStreamClass (./System/GIO/Types.chs:215)
    BufferedInputStream (./System/GIO/Types.chs:426)
    BufferedInputStreamClass (./System/GIO/Types.chs:431)
    BufferedOutputStream (./System/GIO/Types.chs:282)
    BufferedOutputStreamClass (./System/GIO/Types.chs:287)
    MemoryInputStream (./System/GIO/Types.chs:378)
    MemoryInputStreamClass (./System/GIO/Types.chs:383)
    MemoryOutputStream (./System/GIO/Types.chs:331)
    MemoryOutputStreamClass (./System/GIO/Types.chs:336)
    FilterInputStream (./System/GIO/Types.chs:402)
    FilterInputStreamClass (./System/GIO/Types.chs:407)
    FilterOutputStream (./System/GIO/Types.chs:233)
    FilterOutputStreamClass (./System/GIO/Types.chs:238)
    DataInputStream (./System/GIO/Types.chs:451)
    DataInputStreamClass (./System/GIO/Types.chs:456)
    DataOutputStream (./System/GIO/Types.chs:257)
    DataOutputStreamClass (./System/GIO/Types.chs:262)
    FileCreateFlags (./System/GIO/Enums.chs:78)
  88% ( 14 / 16) in 'System.GIO.File.FileEnumerator'
  Missing documentation for:
    FileEnumerator (./System/GIO/Types.chs:639)
    FileEnumeratorClass (./System/GIO/Types.chs:644)
  94% ( 34 / 36) in 'System.GIO.Volumes.Drive'
  Missing documentation for:
    Drive (./System/GIO/Types.chs:962)
    DriveClass (./System/GIO/Types.chs:967)
  94% ( 30 / 32) in 'System.GIO.Volumes.Mount'
  Missing documentation for:
    Mount (./System/GIO/Types.chs:1008)
    MountClass (./System/GIO/Types.chs:1013)
  92% ( 23 / 25) in 'System.GIO.Volumes.Volume'
  Missing documentation for:
    Volume (./System/GIO/Types.chs:893)
    VolumeClass (./System/GIO/Types.chs:898)
 100% ( 20 / 20) in 'System.GIO'
Warning: System.GIO.Async.AsyncResult: could not find link destinations for:
    GAsyncReadyCallback
Warning: System.GIO.Volumes.Drive: could not find link destinations for:
    drivePollForMediaFinish
Documentation created: dist/dist-sandbox-65148ee2/doc/html/gio/index.html
Creating package registration file:
/var/folders/77/86xr40v14s3061gt8h8y_m6r0000gn/T/pkgConf-gio-0.13.4585640194937186357.1
Installing library in
/Users/alfonsobustamante/Documents/GitHub/gbacpFireflyProy/.cabal-sandbox/lib/x86_64-osx-ghc-8.0.2/gio-0.13.4.1-1DQwlt0gDWD47ykc1MWLTv
Registering gio-0.13.4.1...
cabal: Leaving directory '/var/folders/77/86xr40v14s3061gt8h8y_m6r0000gn/T/cabal-tmp-67353/gio-0.13.4.1'
