cabal: Entering directory '/var/folders/77/86xr40v14s3061gt8h8y_m6r0000gn/T/cabal-tmp-64021/hashable-1.2.7.0'
Configuring hashable-1.2.7.0...
Building hashable-1.2.7.0...
Preprocessing library hashable-1.2.7.0...
[1 of 4] Compiling Data.Hashable.Class ( Data/Hashable/Class.hs, dist/dist-sandbox-65148ee2/build/Data/Hashable/Class.o )
[2 of 4] Compiling Data.Hashable.Generic ( Data/Hashable/Generic.hs, dist/dist-sandbox-65148ee2/build/Data/Hashable/Generic.o )
[3 of 4] Compiling Data.Hashable.Lifted ( Data/Hashable/Lifted.hs, dist/dist-sandbox-65148ee2/build/Data/Hashable/Lifted.o )
[4 of 4] Compiling Data.Hashable    ( Data/Hashable.hs, dist/dist-sandbox-65148ee2/build/Data/Hashable.o )
[1 of 4] Compiling Data.Hashable.Class ( Data/Hashable/Class.hs, dist/dist-sandbox-65148ee2/build/Data/Hashable/Class.p_o )
[2 of 4] Compiling Data.Hashable.Generic ( Data/Hashable/Generic.hs, dist/dist-sandbox-65148ee2/build/Data/Hashable/Generic.p_o )
[3 of 4] Compiling Data.Hashable.Lifted ( Data/Hashable/Lifted.hs, dist/dist-sandbox-65148ee2/build/Data/Hashable/Lifted.p_o )
[4 of 4] Compiling Data.Hashable    ( Data/Hashable.hs, dist/dist-sandbox-65148ee2/build/Data/Hashable.p_o )
Running Haddock for hashable-1.2.7.0...
Preprocessing library hashable-1.2.7.0...
Haddock coverage:
  81% ( 22 / 27) in 'Data.Hashable.Class'
  Missing documentation for:
    Hashable1 (/var/folders/77/86xr40v14s3061gt8h8y_m6r0000gn/T/ghc65756_0/ghc_5.hscpp:986)
    Hashable2 (/var/folders/77/86xr40v14s3061gt8h8y_m6r0000gn/T/ghc65756_0/ghc_5.hscpp:994)
    HashArgs (/var/folders/77/86xr40v14s3061gt8h8y_m6r0000gn/T/ghc65756_0/ghc_5.hscpp:976)
    Zero (/var/folders/77/86xr40v14s3061gt8h8y_m6r0000gn/T/ghc65756_0/ghc_5.hscpp:973)
    One (/var/folders/77/86xr40v14s3061gt8h8y_m6r0000gn/T/ghc65756_0/ghc_5.hscpp:974)
 100% (  1 /  1) in 'Data.Hashable.Generic'
  80% (  8 / 10) in 'Data.Hashable.Lifted'
  Missing documentation for:
    Hashable1 (/var/folders/77/86xr40v14s3061gt8h8y_m6r0000gn/T/ghc65756_0/ghc_5.hscpp:986)
    Hashable2 (/var/folders/77/86xr40v14s3061gt8h8y_m6r0000gn/T/ghc65756_0/ghc_5.hscpp:994)
 100% ( 28 / 28) in 'Data.Hashable'
Warning: Data.Hashable.Lifted: could not find link destinations for:
    GHashable One
Warning: Data.Hashable: could not find link destinations for:
    GHashable Zero
Documentation created: dist/dist-sandbox-65148ee2/doc/html/hashable/index.html
Creating package registration file:
/var/folders/77/86xr40v14s3061gt8h8y_m6r0000gn/T/pkgConf-hashable-1.2.71580723810704877633.0
Installing library in
/Users/alfonsobustamante/Documents/GitHub/gbacpFireflyProy/.cabal-sandbox/lib/x86_64-osx-ghc-8.0.2/hashable-1.2.7.0-3hg2TEghlsEJmDAYciLYpr
Registering hashable-1.2.7.0...
cabal: Leaving directory '/var/folders/77/86xr40v14s3061gt8h8y_m6r0000gn/T/cabal-tmp-64021/hashable-1.2.7.0'
