cabal: Entering directory '/var/folders/77/86xr40v14s3061gt8h8y_m6r0000gn/T/cabal-tmp-67354/pango-0.13.4.0'
[1 of 1] Compiling Main             ( /var/folders/77/86xr40v14s3061gt8h8y_m6r0000gn/T/cabal-tmp-67354/pango-0.13.4.0/dist/dist-sandbox-65148ee2/setup/setup.hs, /var/folders/77/86xr40v14s3061gt8h8y_m6r0000gn/T/cabal-tmp-67354/pango-0.13.4.0/dist/dist-sandbox-65148ee2/setup/Main.o )
Linking /var/folders/77/86xr40v14s3061gt8h8y_m6r0000gn/T/cabal-tmp-67354/pango-0.13.4.0/dist/dist-sandbox-65148ee2/setup/setup ...
Configuring pango-0.13.4.0...
Building pango-0.13.4.0...
Preprocessing library pango-0.13.4.0...
[ 1 of 14] Compiling Graphics.Rendering.Pango.Types ( dist/dist-sandbox-65148ee2/build/Graphics/Rendering/Pango/Types.hs, dist/dist-sandbox-65148ee2/build/Graphics/Rendering/Pango/Types.o )
[ 2 of 14] Compiling Graphics.Rendering.Pango.BasicTypes ( dist/dist-sandbox-65148ee2/build/Graphics/Rendering/Pango/BasicTypes.hs, dist/dist-sandbox-65148ee2/build/Graphics/Rendering/Pango/BasicTypes.o )
[ 3 of 14] Compiling Graphics.Rendering.Pango.Structs ( dist/dist-sandbox-65148ee2/build/Graphics/Rendering/Pango/Structs.hs, dist/dist-sandbox-65148ee2/build/Graphics/Rendering/Pango/Structs.o )
[ 4 of 14] Compiling Graphics.Rendering.Pango.Enums ( dist/dist-sandbox-65148ee2/build/Graphics/Rendering/Pango/Enums.hs, dist/dist-sandbox-65148ee2/build/Graphics/Rendering/Pango/Enums.o )
[ 5 of 14] Compiling Graphics.Rendering.Pango.Context ( dist/dist-sandbox-65148ee2/build/Graphics/Rendering/Pango/Context.hs, dist/dist-sandbox-65148ee2/build/Graphics/Rendering/Pango/Context.o )
[ 6 of 14] Compiling Graphics.Rendering.Pango.Description ( dist/dist-sandbox-65148ee2/build/Graphics/Rendering/Pango/Description.hs, dist/dist-sandbox-65148ee2/build/Graphics/Rendering/Pango/Description.o )
[ 7 of 14] Compiling Graphics.Rendering.Pango.Font ( dist/dist-sandbox-65148ee2/build/Graphics/Rendering/Pango/Font.hs, dist/dist-sandbox-65148ee2/build/Graphics/Rendering/Pango/Font.o )
[ 8 of 14] Compiling Graphics.Rendering.Pango.GlyphStorage ( dist/dist-sandbox-65148ee2/build/Graphics/Rendering/Pango/GlyphStorage.hs, dist/dist-sandbox-65148ee2/build/Graphics/Rendering/Pango/GlyphStorage.o )
[ 9 of 14] Compiling Graphics.Rendering.Pango.Attributes ( dist/dist-sandbox-65148ee2/build/Graphics/Rendering/Pango/Attributes.hs, dist/dist-sandbox-65148ee2/build/Graphics/Rendering/Pango/Attributes.o )
[10 of 14] Compiling Graphics.Rendering.Pango.Markup ( dist/dist-sandbox-65148ee2/build/Graphics/Rendering/Pango/Markup.hs, dist/dist-sandbox-65148ee2/build/Graphics/Rendering/Pango/Markup.o )
[11 of 14] Compiling Graphics.Rendering.Pango.Rendering ( dist/dist-sandbox-65148ee2/build/Graphics/Rendering/Pango/Rendering.hs, dist/dist-sandbox-65148ee2/build/Graphics/Rendering/Pango/Rendering.o )
[12 of 14] Compiling Graphics.Rendering.Pango.Layout ( dist/dist-sandbox-65148ee2/build/Graphics/Rendering/Pango/Layout.hs, dist/dist-sandbox-65148ee2/build/Graphics/Rendering/Pango/Layout.o )
[13 of 14] Compiling Graphics.Rendering.Pango.Cairo ( dist/dist-sandbox-65148ee2/build/Graphics/Rendering/Pango/Cairo.hs, dist/dist-sandbox-65148ee2/build/Graphics/Rendering/Pango/Cairo.o )
[14 of 14] Compiling Graphics.Rendering.Pango ( dist/dist-sandbox-65148ee2/build/Graphics/Rendering/Pango.hs, dist/dist-sandbox-65148ee2/build/Graphics/Rendering/Pango.o )
[ 1 of 14] Compiling Graphics.Rendering.Pango.Types ( dist/dist-sandbox-65148ee2/build/Graphics/Rendering/Pango/Types.hs, dist/dist-sandbox-65148ee2/build/Graphics/Rendering/Pango/Types.p_o )
[ 2 of 14] Compiling Graphics.Rendering.Pango.BasicTypes ( dist/dist-sandbox-65148ee2/build/Graphics/Rendering/Pango/BasicTypes.hs, dist/dist-sandbox-65148ee2/build/Graphics/Rendering/Pango/BasicTypes.p_o )
[ 3 of 14] Compiling Graphics.Rendering.Pango.Structs ( dist/dist-sandbox-65148ee2/build/Graphics/Rendering/Pango/Structs.hs, dist/dist-sandbox-65148ee2/build/Graphics/Rendering/Pango/Structs.p_o )
[ 4 of 14] Compiling Graphics.Rendering.Pango.Enums ( dist/dist-sandbox-65148ee2/build/Graphics/Rendering/Pango/Enums.hs, dist/dist-sandbox-65148ee2/build/Graphics/Rendering/Pango/Enums.p_o )
[ 5 of 14] Compiling Graphics.Rendering.Pango.Context ( dist/dist-sandbox-65148ee2/build/Graphics/Rendering/Pango/Context.hs, dist/dist-sandbox-65148ee2/build/Graphics/Rendering/Pango/Context.p_o )
[ 6 of 14] Compiling Graphics.Rendering.Pango.Description ( dist/dist-sandbox-65148ee2/build/Graphics/Rendering/Pango/Description.hs, dist/dist-sandbox-65148ee2/build/Graphics/Rendering/Pango/Description.p_o )
[ 7 of 14] Compiling Graphics.Rendering.Pango.Font ( dist/dist-sandbox-65148ee2/build/Graphics/Rendering/Pango/Font.hs, dist/dist-sandbox-65148ee2/build/Graphics/Rendering/Pango/Font.p_o )
[ 8 of 14] Compiling Graphics.Rendering.Pango.GlyphStorage ( dist/dist-sandbox-65148ee2/build/Graphics/Rendering/Pango/GlyphStorage.hs, dist/dist-sandbox-65148ee2/build/Graphics/Rendering/Pango/GlyphStorage.p_o )
[ 9 of 14] Compiling Graphics.Rendering.Pango.Attributes ( dist/dist-sandbox-65148ee2/build/Graphics/Rendering/Pango/Attributes.hs, dist/dist-sandbox-65148ee2/build/Graphics/Rendering/Pango/Attributes.p_o )
[10 of 14] Compiling Graphics.Rendering.Pango.Markup ( dist/dist-sandbox-65148ee2/build/Graphics/Rendering/Pango/Markup.hs, dist/dist-sandbox-65148ee2/build/Graphics/Rendering/Pango/Markup.p_o )
[11 of 14] Compiling Graphics.Rendering.Pango.Rendering ( dist/dist-sandbox-65148ee2/build/Graphics/Rendering/Pango/Rendering.hs, dist/dist-sandbox-65148ee2/build/Graphics/Rendering/Pango/Rendering.p_o )
[12 of 14] Compiling Graphics.Rendering.Pango.Layout ( dist/dist-sandbox-65148ee2/build/Graphics/Rendering/Pango/Layout.hs, dist/dist-sandbox-65148ee2/build/Graphics/Rendering/Pango/Layout.p_o )
[13 of 14] Compiling Graphics.Rendering.Pango.Cairo ( dist/dist-sandbox-65148ee2/build/Graphics/Rendering/Pango/Cairo.hs, dist/dist-sandbox-65148ee2/build/Graphics/Rendering/Pango/Cairo.p_o )
[14 of 14] Compiling Graphics.Rendering.Pango ( dist/dist-sandbox-65148ee2/build/Graphics/Rendering/Pango.hs, dist/dist-sandbox-65148ee2/build/Graphics/Rendering/Pango.p_o )
Running Haddock for pango-0.13.4.0...
Preprocessing library pango-0.13.4.0...
Haddock coverage:
   4% (  2 / 51) in 'Graphics.Rendering.Pango.Types'
  Missing documentation for:
    PangoContext (./Graphics/Rendering/Pango/Types.chs:99)
    PangoContextClass (./Graphics/Rendering/Pango/Types.chs:104)
    toPangoContext (./Graphics/Rendering/Pango/Types.chs:105)
    mkPangoContext (./Graphics/Rendering/Pango/Types.chs:101)
    unPangoContext (./Graphics/Rendering/Pango/Types.chs:102)
    castToPangoContext (./Graphics/Rendering/Pango/Types.chs:113)
    gTypePangoContext (./Graphics/Rendering/Pango/Types.chs:116)
    PangoLayoutRaw (./Graphics/Rendering/Pango/Types.chs:122)
    PangoLayoutRawClass (./Graphics/Rendering/Pango/Types.chs:127)
    toPangoLayoutRaw (./Graphics/Rendering/Pango/Types.chs:128)
    mkPangoLayoutRaw (./Graphics/Rendering/Pango/Types.chs:124)
    unPangoLayoutRaw (./Graphics/Rendering/Pango/Types.chs:125)
    castToPangoLayoutRaw (./Graphics/Rendering/Pango/Types.chs:136)
    gTypePangoLayoutRaw (./Graphics/Rendering/Pango/Types.chs:139)
    Font (./Graphics/Rendering/Pango/Types.chs:145)
    FontClass (./Graphics/Rendering/Pango/Types.chs:150)
    toFont (./Graphics/Rendering/Pango/Types.chs:151)
    mkFont (./Graphics/Rendering/Pango/Types.chs:147)
    unFont (./Graphics/Rendering/Pango/Types.chs:148)
    castToFont (./Graphics/Rendering/Pango/Types.chs:159)
    gTypeFont (./Graphics/Rendering/Pango/Types.chs:162)
    FontFamily (./Graphics/Rendering/Pango/Types.chs:168)
    FontFamilyClass (./Graphics/Rendering/Pango/Types.chs:173)
    toFontFamily (./Graphics/Rendering/Pango/Types.chs:174)
    mkFontFamily (./Graphics/Rendering/Pango/Types.chs:170)
    unFontFamily (./Graphics/Rendering/Pango/Types.chs:171)
    castToFontFamily (./Graphics/Rendering/Pango/Types.chs:182)
    gTypeFontFamily (./Graphics/Rendering/Pango/Types.chs:185)
    FontFace (./Graphics/Rendering/Pango/Types.chs:191)
    FontFaceClass (./Graphics/Rendering/Pango/Types.chs:196)
    toFontFace (./Graphics/Rendering/Pango/Types.chs:197)
    mkFontFace (./Graphics/Rendering/Pango/Types.chs:193)
    unFontFace (./Graphics/Rendering/Pango/Types.chs:194)
    castToFontFace (./Graphics/Rendering/Pango/Types.chs:205)
    gTypeFontFace (./Graphics/Rendering/Pango/Types.chs:208)
    FontMap (./Graphics/Rendering/Pango/Types.chs:214)
    FontMapClass (./Graphics/Rendering/Pango/Types.chs:219)
    toFontMap (./Graphics/Rendering/Pango/Types.chs:220)
    mkFontMap (./Graphics/Rendering/Pango/Types.chs:216)
    unFontMap (./Graphics/Rendering/Pango/Types.chs:217)
    castToFontMap (./Graphics/Rendering/Pango/Types.chs:228)
    gTypeFontMap (./Graphics/Rendering/Pango/Types.chs:231)
    FontSet (./Graphics/Rendering/Pango/Types.chs:237)
    FontSetClass (./Graphics/Rendering/Pango/Types.chs:242)
    toFontSet (./Graphics/Rendering/Pango/Types.chs:243)
    mkFontSet (./Graphics/Rendering/Pango/Types.chs:239)
    unFontSet (./Graphics/Rendering/Pango/Types.chs:240)
    castToFontSet (./Graphics/Rendering/Pango/Types.chs:251)
    gTypeFontSet (./Graphics/Rendering/Pango/Types.chs:254)
  55% ( 18 / 33) in 'Graphics.Rendering.Pango.BasicTypes'
  Missing documentation for:
    PangoString (./Graphics/Rendering/Pango/BasicTypes.chs:236)
    makeNewPangoString (./Graphics/Rendering/Pango/BasicTypes.chs:238)
    withPangoString (./Graphics/Rendering/Pango/BasicTypes.chs:245)
    PangoItemRaw (./Graphics/Rendering/Pango/BasicTypes.chs:261)
    makeNewPangoItemRaw (./Graphics/Rendering/Pango/BasicTypes.chs:263)
    withPangoItemRaw (./Graphics/Rendering/Pango/BasicTypes.chs:267)
    GlyphStringRaw (./Graphics/Rendering/Pango/BasicTypes.chs:251)
    makeNewGlyphStringRaw (./Graphics/Rendering/Pango/BasicTypes.chs:253)
    LayoutIterRaw (./Graphics/Rendering/Pango/BasicTypes.chs:312)
    makeNewLayoutIterRaw (./Graphics/Rendering/Pango/BasicTypes.chs:314)
    LayoutLineRaw (./Graphics/Rendering/Pango/BasicTypes.chs:325)
    makeNewLayoutLineRaw (./Graphics/Rendering/Pango/BasicTypes.chs:327)
    makeNewFontDescription (./Graphics/Rendering/Pango/BasicTypes.chs:338)
    PangoAttrList (./Graphics/Rendering/Pango/BasicTypes.chs:346)
    CPangoAttribute (./Graphics/Rendering/Pango/BasicTypes.chs:348)
  41% (  9 / 22) in 'Graphics.Rendering.Pango.Structs'
  Missing documentation for:
    PangoUnit (Graphics/Rendering/Pango/Structs.hsc:72)
    peekIntPangoRectangle (Graphics/Rendering/Pango/Structs.hsc:118)
    pangoScale (Graphics/Rendering/Pango/Structs.hsc:165)
    puToInt (Graphics/Rendering/Pango/Structs.hsc:168)
    puToUInt (Graphics/Rendering/Pango/Structs.hsc:171)
    intToPu (Graphics/Rendering/Pango/Structs.hsc:174)
    uIntToPu (Graphics/Rendering/Pango/Structs.hsc:177)
    pangodirToLevel (Graphics/Rendering/Pango/Structs.hsc:199)
    setAttrPos (Graphics/Rendering/Pango/Structs.hsc:249)
    pangoItemRawGetOffset (Graphics/Rendering/Pango/Structs.hsc:231)
    pangoItemRawGetLength (Graphics/Rendering/Pango/Structs.hsc:235)
    pangoItemRawAnalysis (Graphics/Rendering/Pango/Structs.hsc:239)
    pangoItemRawGetLevel (Graphics/Rendering/Pango/Structs.hsc:243)
  90% ( 19 / 21) in 'Graphics.Rendering.Pango.Enums'
  Missing documentation for:
    PangoUnit (Graphics/Rendering/Pango/Structs.hsc:72)
    pangoScale (Graphics/Rendering/Pango/Structs.hsc:165)
  90% ( 19 / 21) in 'Graphics.Rendering.Pango.Context'
  Missing documentation for:
    PangoContext (./Graphics/Rendering/Pango/Types.chs:99)
    PangoContextClass (./Graphics/Rendering/Pango/Types.chs:104)
  95% ( 21 / 22) in 'Graphics.Rendering.Pango.Description'
  Missing documentation for:
    fontDescriptionSetStyle (./Graphics/Rendering/Pango/Description.chs:113)
  74% ( 26 / 35) in 'Graphics.Rendering.Pango.Font'
  Missing documentation for:
    fontDescriptionSetStyle (./Graphics/Rendering/Pango/Description.chs:113)
    FontMap (./Graphics/Rendering/Pango/Types.chs:214)
    FontMapClass (./Graphics/Rendering/Pango/Types.chs:219)
    FontFamily (./Graphics/Rendering/Pango/Types.chs:168)
    FontFamilyClass (./Graphics/Rendering/Pango/Types.chs:173)
    FontFace (./Graphics/Rendering/Pango/Types.chs:191)
    FontFaceClass (./Graphics/Rendering/Pango/Types.chs:196)
    Font (./Graphics/Rendering/Pango/Types.chs:145)
    FontClass (./Graphics/Rendering/Pango/Types.chs:150)
 100% (  7 /  7) in 'Graphics.Rendering.Pango.GlyphStorage'
  60% (  3 /  5) in 'Graphics.Rendering.Pango.Attributes'
  Missing documentation for:
    withAttrList (./Graphics/Rendering/Pango/Attributes.chs:54)
    readAttrList (./Graphics/Rendering/Pango/Attributes.chs:215)
 100% (  4 /  4) in 'Graphics.Rendering.Pango.Markup'
 100% ( 16 / 16) in 'Graphics.Rendering.Pango.Rendering'
 100% ( 75 / 75) in 'Graphics.Rendering.Pango.Layout'
 100% ( 21 / 21) in 'Graphics.Rendering.Pango.Cairo'
 100% (  8 /  8) in 'Graphics.Rendering.Pango'
Documentation created: dist/dist-sandbox-65148ee2/doc/html/pango/index.html
Creating package registration file:
/var/folders/77/86xr40v14s3061gt8h8y_m6r0000gn/T/pkgConf-pango-0.13.413564252281899894091.0
Installing library in
/Users/alfonsobustamante/Documents/GitHub/gbacpFireflyProy/.cabal-sandbox/lib/x86_64-osx-ghc-8.0.2/pango-0.13.4.0-3Gnj0CXl6t6HDZ3OgzjJaE
Registering pango-0.13.4.0...
cabal: Leaving directory '/var/folders/77/86xr40v14s3061gt8h8y_m6r0000gn/T/cabal-tmp-67354/pango-0.13.4.0'
