cabal: Entering directory '/var/folders/77/86xr40v14s3061gt8h8y_m6r0000gn/T/cabal-tmp-67353/utf8-string-1.0.1.1'
Configuring utf8-string-1.0.1.1...
Building utf8-string-1.0.1.1...
Preprocessing library utf8-string-1.0.1.1...
[1 of 5] Compiling Codec.Binary.UTF8.String ( Codec/Binary/UTF8/String.hs, dist/dist-sandbox-65148ee2/build/Codec/Binary/UTF8/String.o )
[2 of 5] Compiling Codec.Binary.UTF8.Generic ( Codec/Binary/UTF8/Generic.hs, dist/dist-sandbox-65148ee2/build/Codec/Binary/UTF8/Generic.o )
[3 of 5] Compiling Data.ByteString.Lazy.UTF8 ( Data/ByteString/Lazy/UTF8.hs, dist/dist-sandbox-65148ee2/build/Data/ByteString/Lazy/UTF8.o )
[4 of 5] Compiling Data.ByteString.UTF8 ( Data/ByteString/UTF8.hs, dist/dist-sandbox-65148ee2/build/Data/ByteString/UTF8.o )
[5 of 5] Compiling Data.String.UTF8 ( Data/String/UTF8.hs, dist/dist-sandbox-65148ee2/build/Data/String/UTF8.o )
[1 of 5] Compiling Codec.Binary.UTF8.String ( Codec/Binary/UTF8/String.hs, dist/dist-sandbox-65148ee2/build/Codec/Binary/UTF8/String.p_o )
[2 of 5] Compiling Codec.Binary.UTF8.Generic ( Codec/Binary/UTF8/Generic.hs, dist/dist-sandbox-65148ee2/build/Codec/Binary/UTF8/Generic.p_o )
[3 of 5] Compiling Data.ByteString.Lazy.UTF8 ( Data/ByteString/Lazy/UTF8.hs, dist/dist-sandbox-65148ee2/build/Data/ByteString/Lazy/UTF8.p_o )
[4 of 5] Compiling Data.ByteString.UTF8 ( Data/ByteString/UTF8.hs, dist/dist-sandbox-65148ee2/build/Data/ByteString/UTF8.p_o )
[5 of 5] Compiling Data.String.UTF8 ( Data/String/UTF8.hs, dist/dist-sandbox-65148ee2/build/Data/String/UTF8.p_o )
Running Haddock for utf8-string-1.0.1.1...
Preprocessing library utf8-string-1.0.1.1...
Haddock coverage:
 100% (  8 /  8) in 'Codec.Binary.UTF8.String'
  94% ( 16 / 17) in 'Codec.Binary.UTF8.Generic'
  Missing documentation for:
    UTF8Bytes (/var/folders/77/86xr40v14s3061gt8h8y_m6r0000gn/T/ghc67873_0/ghc_3.hscpp:177)
 100% ( 17 / 17) in 'Data.ByteString.Lazy.UTF8'
 100% ( 17 / 17) in 'Data.ByteString.UTF8'
  89% ( 24 / 27) in 'Data.String.UTF8'
  Missing documentation for:
    UTF8Bytes (/var/folders/77/86xr40v14s3061gt8h8y_m6r0000gn/T/ghc67873_0/ghc_3.hscpp:177)
    fromRep (/var/folders/77/86xr40v14s3061gt8h8y_m6r0000gn/T/ghc67873_0/ghc_5.hscpp:188)
    toRep (/var/folders/77/86xr40v14s3061gt8h8y_m6r0000gn/T/ghc67873_0/ghc_5.hscpp:191)
Documentation created:
dist/dist-sandbox-65148ee2/doc/html/utf8-string/index.html
Creating package registration file:
/var/folders/77/86xr40v14s3061gt8h8y_m6r0000gn/T/pkgConf-utf8-string-1.0.11148079871137522503.1
Installing library in
/Users/alfonsobustamante/Documents/GitHub/gbacpFireflyProy/.cabal-sandbox/lib/x86_64-osx-ghc-8.0.2/utf8-string-1.0.1.1-1DpjxLeTvGg7ttZZojxJR5
Registering utf8-string-1.0.1.1...
cabal: Leaving directory '/var/folders/77/86xr40v14s3061gt8h8y_m6r0000gn/T/cabal-tmp-67353/utf8-string-1.0.1.1'
