[1 of 2] Compiling Main             ( /private/var/folders/xk/yqlrxh5x4v31_p84l14cmhbm0000gn/T/stack60490/glib-0.13.5.0/Setup.hs, /private/var/folders/xk/yqlrxh5x4v31_p84l14cmhbm0000gn/T/stack60490/glib-0.13.5.0/.stack-work/dist/x86_64-osx/Cabal-1.24.2.0/setup/Main.o )
[2 of 2] Compiling StackSetupShim   ( /Users/alfonsobustamante/.stack/setup-exe-src/setup-shim-mPHDZzAJ.hs, /private/var/folders/xk/yqlrxh5x4v31_p84l14cmhbm0000gn/T/stack60490/glib-0.13.5.0/.stack-work/dist/x86_64-osx/Cabal-1.24.2.0/setup/StackSetupShim.o )
Linking /private/var/folders/xk/yqlrxh5x4v31_p84l14cmhbm0000gn/T/stack60490/glib-0.13.5.0/.stack-work/dist/x86_64-osx/Cabal-1.24.2.0/setup/setup ...

In file included from /var/folders/xk/yqlrxh5x4v31_p84l14cmhbm0000gn/T/ghc60500_0/ghc_7.c:1:0: error:
    

In file included from /Users/alfonsobustamante/.stack/programs/x86_64-osx/ghc-8.0.2/lib/ghc-8.0.2/include/Rts.h:217:0: error:
    

/Users/alfonsobustamante/.stack/programs/x86_64-osx/ghc-8.0.2/lib/ghc-8.0.2/include/rts/storage/ClosureMacros.h:505:5: error:
     warning: macro expansion producing 'defined' has undefined behavior [-Wexpansion-to-defined]
#if ZERO_SLOP_FOR_LDV_PROF || ZERO_SLOP_FOR_SANITY_CHECK
    ^

/Users/alfonsobustamante/.stack/programs/x86_64-osx/ghc-8.0.2/lib/ghc-8.0.2/include/rts/storage/ClosureMacros.h:502:37: error:
     note: expanded from macro 'ZERO_SLOP_FOR_LDV_PROF'
#define ZERO_SLOP_FOR_LDV_PROF     (defined(PROFILING))
                                    ^

/Users/alfonsobustamante/.stack/programs/x86_64-osx/ghc-8.0.2/lib/ghc-8.0.2/include/rts/storage/ClosureMacros.h:505:31: error:
     warning: macro expansion producing 'defined' has undefined behavior [-Wexpansion-to-defined]
#if ZERO_SLOP_FOR_LDV_PROF || ZERO_SLOP_FOR_SANITY_CHECK
                              ^

/Users/alfonsobustamante/.stack/programs/x86_64-osx/ghc-8.0.2/lib/ghc-8.0.2/include/rts/storage/ClosureMacros.h:503:37: error:
     note: expanded from macro 'ZERO_SLOP_FOR_SANITY_CHECK'
#define ZERO_SLOP_FOR_SANITY_CHECK (defined(DEBUG) && !defined(THREADED_RTS))
                                    ^

/Users/alfonsobustamante/.stack/programs/x86_64-osx/ghc-8.0.2/lib/ghc-8.0.2/include/rts/storage/ClosureMacros.h:505:31: error:
     warning: macro expansion producing 'defined' has undefined behavior [-Wexpansion-to-defined]

/Users/alfonsobustamante/.stack/programs/x86_64-osx/ghc-8.0.2/lib/ghc-8.0.2/include/rts/storage/ClosureMacros.h:503:56: error:
     note: expanded from macro 'ZERO_SLOP_FOR_SANITY_CHECK'
#define ZERO_SLOP_FOR_SANITY_CHECK (defined(DEBUG) && !defined(THREADED_RTS))
                                                       ^

/Users/alfonsobustamante/.stack/programs/x86_64-osx/ghc-8.0.2/lib/ghc-8.0.2/include/rts/storage/ClosureMacros.h:523:5: error:
     warning: macro expansion producing 'defined' has undefined behavior [-Wexpansion-to-defined]
#if ZERO_SLOP_FOR_LDV_PROF && !ZERO_SLOP_FOR_SANITY_CHECK
    ^

/Users/alfonsobustamante/.stack/programs/x86_64-osx/ghc-8.0.2/lib/ghc-8.0.2/include/rts/storage/ClosureMacros.h:502:37: error:
     note: expanded from macro 'ZERO_SLOP_FOR_LDV_PROF'
#define ZERO_SLOP_FOR_LDV_PROF     (defined(PROFILING))
                                    ^

/Users/alfonsobustamante/.stack/programs/x86_64-osx/ghc-8.0.2/lib/ghc-8.0.2/include/rts/storage/ClosureMacros.h:523:32: error:
     warning: macro expansion producing 'defined' has undefined behavior [-Wexpansion-to-defined]
#if ZERO_SLOP_FOR_LDV_PROF && !ZERO_SLOP_FOR_SANITY_CHECK
                               ^

/Users/alfonsobustamante/.stack/programs/x86_64-osx/ghc-8.0.2/lib/ghc-8.0.2/include/rts/storage/ClosureMacros.h:503:37: error:
     note: expanded from macro 'ZERO_SLOP_FOR_SANITY_CHECK'
#define ZERO_SLOP_FOR_SANITY_CHECK (defined(DEBUG) && !defined(THREADED_RTS))
                                    ^

/Users/alfonsobustamante/.stack/programs/x86_64-osx/ghc-8.0.2/lib/ghc-8.0.2/include/rts/storage/ClosureMacros.h:523:32: error:
     warning: macro expansion producing 'defined' has undefined behavior [-Wexpansion-to-defined]

/Users/alfonsobustamante/.stack/programs/x86_64-osx/ghc-8.0.2/lib/ghc-8.0.2/include/rts/storage/ClosureMacros.h:503:56: error:
     note: expanded from macro 'ZERO_SLOP_FOR_SANITY_CHECK'
#define ZERO_SLOP_FOR_SANITY_CHECK (defined(DEBUG) && !defined(THREADED_RTS))
                                                       ^

/Users/alfonsobustamante/.stack/programs/x86_64-osx/ghc-8.0.2/lib/ghc-8.0.2/include/rts/storage/ClosureMacros.h:552:5: error:
     warning: macro expansion producing 'defined' has undefined behavior [-Wexpansion-to-defined]
#if ZERO_SLOP_FOR_LDV_PROF && !ZERO_SLOP_FOR_SANITY_CHECK
    ^

/Users/alfonsobustamante/.stack/programs/x86_64-osx/ghc-8.0.2/lib/ghc-8.0.2/include/rts/storage/ClosureMacros.h:502:37: error:
     note: expanded from macro 'ZERO_SLOP_FOR_LDV_PROF'
#define ZERO_SLOP_FOR_LDV_PROF     (defined(PROFILING))
                                    ^

/Users/alfonsobustamante/.stack/programs/x86_64-osx/ghc-8.0.2/lib/ghc-8.0.2/include/rts/storage/ClosureMacros.h:552:32: error:
     warning: macro expansion producing 'defined' has undefined behavior [-Wexpansion-to-defined]
#if ZERO_SLOP_FOR_LDV_PROF && !ZERO_SLOP_FOR_SANITY_CHECK
                               ^

/Users/alfonsobustamante/.stack/programs/x86_64-osx/ghc-8.0.2/lib/ghc-8.0.2/include/rts/storage/ClosureMacros.h:503:37: error:
     note: expanded from macro 'ZERO_SLOP_FOR_SANITY_CHECK'
#define ZERO_SLOP_FOR_SANITY_CHECK (defined(DEBUG) && !defined(THREADED_RTS))
                                    ^

/Users/alfonsobustamante/.stack/programs/x86_64-osx/ghc-8.0.2/lib/ghc-8.0.2/include/rts/storage/ClosureMacros.h:552:32: error:
     warning: macro expansion producing 'defined' has undefined behavior [-Wexpansion-to-defined]

/Users/alfonsobustamante/.stack/programs/x86_64-osx/ghc-8.0.2/lib/ghc-8.0.2/include/rts/storage/ClosureMacros.h:503:56: error:
     note: expanded from macro 'ZERO_SLOP_FOR_SANITY_CHECK'
#define ZERO_SLOP_FOR_SANITY_CHECK (defined(DEBUG) && !defined(THREADED_RTS))
                                                       ^
9 warnings generated.
clang: warning: argument unused during compilation: '-nopie' [-Wunused-command-line-argument]
Configuring glib-0.13.5.0...
setup: The program 'pkg-config' version >=0.9.0 is required but it could not
be found.
