[1 of 2] Compiling Main             ( /private/var/folders/xk/yqlrxh5x4v31_p84l14cmhbm0000gn/T/stack48597/intervals-0.8.1/Setup.lhs, /private/var/folders/xk/yqlrxh5x4v31_p84l14cmhbm0000gn/T/stack48597/intervals-0.8.1/.stack-work/dist/x86_64-osx/Cabal-1.24.2.0/setup/Main.o )
[2 of 2] Compiling StackSetupShim   ( /Users/alfonsobustamante/.stack/setup-exe-src/setup-shim-mPHDZzAJ.hs, /private/var/folders/xk/yqlrxh5x4v31_p84l14cmhbm0000gn/T/stack48597/intervals-0.8.1/.stack-work/dist/x86_64-osx/Cabal-1.24.2.0/setup/StackSetupShim.o )
Linking /private/var/folders/xk/yqlrxh5x4v31_p84l14cmhbm0000gn/T/stack48597/intervals-0.8.1/.stack-work/dist/x86_64-osx/Cabal-1.24.2.0/setup/setup ...

In file included from /var/folders/xk/yqlrxh5x4v31_p84l14cmhbm0000gn/T/ghc54304_0/ghc_10.c:1:0: error:
    

In file included from /Users/alfonsobustamante/.stack/programs/x86_64-osx/ghc-8.0.2/lib/ghc-8.0.2/include/Rts.h:217:0: error:
    

/Users/alfonsobustamante/.stack/programs/x86_64-osx/ghc-8.0.2/lib/ghc-8.0.2/include/rts/storage/ClosureMacros.h:505:5: error:
     warning: macro expansion producing 'defined' has undefined behavior [-Wexpansion-to-defined]
#if ZERO_SLOP_FOR_LDV_PROF || ZERO_SLOP_FOR_SANITY_CHECK
    ^

/Users/alfonsobustamante/.stack/programs/x86_64-osx/ghc-8.0.2/lib/ghc-8.0.2/include/rts/storage/ClosureMacros.h:502:37: error:
     note: expanded from macro 'ZERO_SLOP_FOR_LDV_PROF'
#define ZERO_SLOP_FOR_LDV_PROF     (defined(PROFILING))
                                    ^

/Users/alfonsobustamante/.stack/programs/x86_64-osx/ghc-8.0.2/lib/ghc-8.0.2/include/rts/storage/ClosureMacros.h:505:31: error:
     warning: macro expansion producing 'defined' has undefined behavior [-Wexpansion-to-defined]
#if ZERO_SLOP_FOR_LDV_PROF || ZERO_SLOP_FOR_SANITY_CHECK
                              ^

/Users/alfonsobustamante/.stack/programs/x86_64-osx/ghc-8.0.2/lib/ghc-8.0.2/include/rts/storage/ClosureMacros.h:503:37: error:
     note: expanded from macro 'ZERO_SLOP_FOR_SANITY_CHECK'
#define ZERO_SLOP_FOR_SANITY_CHECK (defined(DEBUG) && !defined(THREADED_RTS))
                                    ^

/Users/alfonsobustamante/.stack/programs/x86_64-osx/ghc-8.0.2/lib/ghc-8.0.2/include/rts/storage/ClosureMacros.h:505:31: error:
     warning: macro expansion producing 'defined' has undefined behavior [-Wexpansion-to-defined]

/Users/alfonsobustamante/.stack/programs/x86_64-osx/ghc-8.0.2/lib/ghc-8.0.2/include/rts/storage/ClosureMacros.h:503:56: error:
     note: expanded from macro 'ZERO_SLOP_FOR_SANITY_CHECK'
#define ZERO_SLOP_FOR_SANITY_CHECK (defined(DEBUG) && !defined(THREADED_RTS))
                                                       ^

/Users/alfonsobustamante/.stack/programs/x86_64-osx/ghc-8.0.2/lib/ghc-8.0.2/include/rts/storage/ClosureMacros.h:523:5: error:
     warning: macro expansion producing 'defined' has undefined behavior [-Wexpansion-to-defined]
#if ZERO_SLOP_FOR_LDV_PROF && !ZERO_SLOP_FOR_SANITY_CHECK
    ^

/Users/alfonsobustamante/.stack/programs/x86_64-osx/ghc-8.0.2/lib/ghc-8.0.2/include/rts/storage/ClosureMacros.h:502:37: error:
     note: expanded from macro 'ZERO_SLOP_FOR_LDV_PROF'
#define ZERO_SLOP_FOR_LDV_PROF     (defined(PROFILING))
                                    ^

/Users/alfonsobustamante/.stack/programs/x86_64-osx/ghc-8.0.2/lib/ghc-8.0.2/include/rts/storage/ClosureMacros.h:523:32: error:
     warning: macro expansion producing 'defined' has undefined behavior [-Wexpansion-to-defined]
#if ZERO_SLOP_FOR_LDV_PROF && !ZERO_SLOP_FOR_SANITY_CHECK
                               ^

/Users/alfonsobustamante/.stack/programs/x86_64-osx/ghc-8.0.2/lib/ghc-8.0.2/include/rts/storage/ClosureMacros.h:503:37: error:
     note: expanded from macro 'ZERO_SLOP_FOR_SANITY_CHECK'
#define ZERO_SLOP_FOR_SANITY_CHECK (defined(DEBUG) && !defined(THREADED_RTS))
                                    ^

/Users/alfonsobustamante/.stack/programs/x86_64-osx/ghc-8.0.2/lib/ghc-8.0.2/include/rts/storage/ClosureMacros.h:523:32: error:
     warning: macro expansion producing 'defined' has undefined behavior [-Wexpansion-to-defined]

/Users/alfonsobustamante/.stack/programs/x86_64-osx/ghc-8.0.2/lib/ghc-8.0.2/include/rts/storage/ClosureMacros.h:503:56: error:
     note: expanded from macro 'ZERO_SLOP_FOR_SANITY_CHECK'
#define ZERO_SLOP_FOR_SANITY_CHECK (defined(DEBUG) && !defined(THREADED_RTS))
                                                       ^

/Users/alfonsobustamante/.stack/programs/x86_64-osx/ghc-8.0.2/lib/ghc-8.0.2/include/rts/storage/ClosureMacros.h:552:5: error:
     warning: macro expansion producing 'defined' has undefined behavior [-Wexpansion-to-defined]
#if ZERO_SLOP_FOR_LDV_PROF && !ZERO_SLOP_FOR_SANITY_CHECK
    ^

/Users/alfonsobustamante/.stack/programs/x86_64-osx/ghc-8.0.2/lib/ghc-8.0.2/include/rts/storage/ClosureMacros.h:502:37: error:
     note: expanded from macro 'ZERO_SLOP_FOR_LDV_PROF'
#define ZERO_SLOP_FOR_LDV_PROF     (defined(PROFILING))
                                    ^

/Users/alfonsobustamante/.stack/programs/x86_64-osx/ghc-8.0.2/lib/ghc-8.0.2/include/rts/storage/ClosureMacros.h:552:32: error:
     warning: macro expansion producing 'defined' has undefined behavior [-Wexpansion-to-defined]
#if ZERO_SLOP_FOR_LDV_PROF && !ZERO_SLOP_FOR_SANITY_CHECK
                               ^

/Users/alfonsobustamante/.stack/programs/x86_64-osx/ghc-8.0.2/lib/ghc-8.0.2/include/rts/storage/ClosureMacros.h:503:37: error:
     note: expanded from macro 'ZERO_SLOP_FOR_SANITY_CHECK'
#define ZERO_SLOP_FOR_SANITY_CHECK (defined(DEBUG) && !defined(THREADED_RTS))
                                    ^

/Users/alfonsobustamante/.stack/programs/x86_64-osx/ghc-8.0.2/lib/ghc-8.0.2/include/rts/storage/ClosureMacros.h:552:32: error:
     warning: macro expansion producing 'defined' has undefined behavior [-Wexpansion-to-defined]

/Users/alfonsobustamante/.stack/programs/x86_64-osx/ghc-8.0.2/lib/ghc-8.0.2/include/rts/storage/ClosureMacros.h:503:56: error:
     note: expanded from macro 'ZERO_SLOP_FOR_SANITY_CHECK'
#define ZERO_SLOP_FOR_SANITY_CHECK (defined(DEBUG) && !defined(THREADED_RTS))
                                                       ^
9 warnings generated.
clang: warning: argument unused during compilation: '-nopie' [-Wunused-command-line-argument]
Configuring intervals-0.8.1...
Building intervals-0.8.1...
Preprocessing library intervals-0.8.1...
[1 of 6] Compiling Numeric.Interval.Exception ( src/Numeric/Interval/Exception.hs, .stack-work/dist/x86_64-osx/Cabal-1.24.2.0/build/Numeric/Interval/Exception.o )
[2 of 6] Compiling Numeric.Interval.Internal ( src/Numeric/Interval/Internal.hs, .stack-work/dist/x86_64-osx/Cabal-1.24.2.0/build/Numeric/Interval/Internal.o )
[3 of 6] Compiling Numeric.Interval.Kaucher ( src/Numeric/Interval/Kaucher.hs, .stack-work/dist/x86_64-osx/Cabal-1.24.2.0/build/Numeric/Interval/Kaucher.o )
[4 of 6] Compiling Numeric.Interval.NonEmpty.Internal ( src/Numeric/Interval/NonEmpty/Internal.hs, .stack-work/dist/x86_64-osx/Cabal-1.24.2.0/build/Numeric/Interval/NonEmpty/Internal.o )

src/Numeric/Interval/NonEmpty/Internal.hs:63:1: warning: [-Wunused-imports]
    The import of ‘Numeric.Interval.Exception’ is redundant
      except perhaps to import instances from ‘Numeric.Interval.Exception’
    To import instances alone, use: import Numeric.Interval.Exception()
[5 of 6] Compiling Numeric.Interval.NonEmpty ( src/Numeric/Interval/NonEmpty.hs, .stack-work/dist/x86_64-osx/Cabal-1.24.2.0/build/Numeric/Interval/NonEmpty.o )
[6 of 6] Compiling Numeric.Interval ( src/Numeric/Interval.hs, .stack-work/dist/x86_64-osx/Cabal-1.24.2.0/build/Numeric/Interval.o )
Installing library in
/Users/alfonsobustamante/.stack/snapshots/x86_64-osx/lts-9.8/8.0.2/lib/x86_64-osx-ghc-8.0.2/intervals-0.8.1-8N8awHw8q2nEkfDPyZQ0m9
Registering intervals-0.8.1...
